::1 - - [27/Aug/2019:07:18:36 +0000] "GET / HTTP/1.1" 404 1208 "-" "Mozilla/5.0 (Windows NT 6.1; Win64; x64) AppleWebKit/537.36 (KHTML, like Gecko) Chrome/76.0.3809.100 Safari/537.36"
::1 - - [27/Aug/2019:07:18:36 +0000] "GET /favicon.ico HTTP/1.1" 404 1208 "http://localhost:3000/" "Mozilla/5.0 (Windows NT 6.1; Win64; x64) AppleWebKit/537.36 (KHTML, like Gecko) Chrome/76.0.3809.100 Safari/537.36"
::1 - - [27/Aug/2019:07:19:02 +0000] "GET /users HTTP/1.1" 404 1208 "-" "Mozilla/5.0 (Windows NT 6.1; Win64; x64) AppleWebKit/537.36 (KHTML, like Gecko) Chrome/76.0.3809.100 Safari/537.36"
::1 - - [27/Aug/2019:07:19:11 +0000] "GET /ss HTTP/1.1" 404 1208 "-" "Mozilla/5.0 (Windows NT 6.1; Win64; x64) AppleWebKit/537.36 (KHTML, like Gecko) Chrome/76.0.3809.100 Safari/537.36"
::1 - - [27/Aug/2019:07:19:25 +0000] "GET /ss/text HTTP/1.1" 404 1208 "-" "Mozilla/5.0 (Windows NT 6.1; Win64; x64) AppleWebKit/537.36 (KHTML, like Gecko) Chrome/76.0.3809.100 Safari/537.36"
::1 - - [27/Aug/2019:07:19:31 +0000] "GET /ss/test HTTP/1.1" 200 125 "-" "Mozilla/5.0 (Windows NT 6.1; Win64; x64) AppleWebKit/537.36 (KHTML, like Gecko) Chrome/76.0.3809.100 Safari/537.36"
::1 - - [27/Aug/2019:07:22:29 +0000] "GET /ss/test HTTP/1.1" 200 330 "-" "Mozilla/5.0 (Windows NT 6.1; Win64; x64) AppleWebKit/537.36 (KHTML, like Gecko) Chrome/76.0.3809.100 Safari/537.36"
::1 - - [27/Aug/2019:07:22:42 +0000] "POST /upload HTTP/1.1" 404 1208 "http://localhost:3000/ss/test" "Mozilla/5.0 (Windows NT 6.1; Win64; x64) AppleWebKit/537.36 (KHTML, like Gecko) Chrome/76.0.3809.100 Safari/537.36"
::1 - - [27/Aug/2019:07:44:26 +0000] "GET /ss/test HTTP/1.1" 200 355 "-" "Mozilla/5.0 (Windows NT 6.1; Win64; x64) AppleWebKit/537.36 (KHTML, like Gecko) Chrome/76.0.3809.100 Safari/537.36"
::1 - - [27/Aug/2019:07:44:32 +0000] "POST /upload HTTP/1.1" 200 22 "http://localhost:3000/ss/test" "Mozilla/5.0 (Windows NT 6.1; Win64; x64) AppleWebKit/537.36 (KHTML, like Gecko) Chrome/76.0.3809.100 Safari/537.36"
::1 - - [27/Aug/2019:07:47:57 +0000] "POST /upload HTTP/1.1" 200 22 "http://localhost:3000/ss/test" "Mozilla/5.0 (Windows NT 6.1; Win64; x64) AppleWebKit/537.36 (KHTML, like Gecko) Chrome/76.0.3809.100 Safari/537.36"
::1 - - [27/Aug/2019:07:47:59 +0000] "GET /ss/test HTTP/1.1" 200 402 "-" "Mozilla/5.0 (Windows NT 6.1; Win64; x64) AppleWebKit/537.36 (KHTML, like Gecko) Chrome/76.0.3809.100 Safari/537.36"
::1 - - [27/Aug/2019:07:48:00 +0000] "GET /ss/test HTTP/1.1" 304 - "-" "Mozilla/5.0 (Windows NT 6.1; Win64; x64) AppleWebKit/537.36 (KHTML, like Gecko) Chrome/76.0.3809.100 Safari/537.36"
::1 - - [27/Aug/2019:07:48:06 +0000] "POST /upload HTTP/1.1" 200 22 "http://localhost:3000/ss/test" "Mozilla/5.0 (Windows NT 6.1; Win64; x64) AppleWebKit/537.36 (KHTML, like Gecko) Chrome/76.0.3809.100 Safari/537.36"
::1 - - [27/Aug/2019:08:07:27 +0000] "POST /upload HTTP/1.1" 200 22 "http://localhost:3000/ss/test" "Mozilla/5.0 (Windows NT 6.1; Win64; x64) AppleWebKit/537.36 (KHTML, like Gecko) Chrome/76.0.3809.100 Safari/537.36"
::1 - - [27/Aug/2019:08:07:28 +0000] "GET /ss/test HTTP/1.1" 200 499 "-" "Mozilla/5.0 (Windows NT 6.1; Win64; x64) AppleWebKit/537.36 (KHTML, like Gecko) Chrome/76.0.3809.100 Safari/537.36"
::1 - - [27/Aug/2019:08:07:28 +0000] "GET /ss/test HTTP/1.1" 304 - "-" "Mozilla/5.0 (Windows NT 6.1; Win64; x64) AppleWebKit/537.36 (KHTML, like Gecko) Chrome/76.0.3809.100 Safari/537.36"
::1 - - [27/Aug/2019:08:07:29 +0000] "GET /ss/test HTTP/1.1" 304 - "-" "Mozilla/5.0 (Windows NT 6.1; Win64; x64) AppleWebKit/537.36 (KHTML, like Gecko) Chrome/76.0.3809.100 Safari/537.36"
::1 - - [27/Aug/2019:08:07:32 +0000] "POST /upload HTTP/1.1" 200 22 "http://localhost:3000/ss/test" "Mozilla/5.0 (Windows NT 6.1; Win64; x64) AppleWebKit/537.36 (KHTML, like Gecko) Chrome/76.0.3809.100 Safari/537.36"
::1 - - [27/Aug/2019:08:14:31 +0000] "GET /ss/test HTTP/1.1" 304 - "-" "Mozilla/5.0 (Windows NT 6.1; Win64; x64) AppleWebKit/537.36 (KHTML, like Gecko) Chrome/76.0.3809.100 Safari/537.36"
::1 - - [27/Aug/2019:08:14:33 +0000] "GET /ss/test HTTP/1.1" 304 - "-" "Mozilla/5.0 (Windows NT 6.1; Win64; x64) AppleWebKit/537.36 (KHTML, like Gecko) Chrome/76.0.3809.100 Safari/537.36"
::1 - - [27/Aug/2019:08:14:40 +0000] "POST /upload HTTP/1.1" 200 22 "http://localhost:3000/ss/test" "Mozilla/5.0 (Windows NT 6.1; Win64; x64) AppleWebKit/537.36 (KHTML, like Gecko) Chrome/76.0.3809.100 Safari/537.36"
::1 - - [27/Aug/2019:08:15:14 +0000] "POST /upload HTTP/1.1" 200 22 "http://localhost:3000/ss/test" "Mozilla/5.0 (Windows NT 6.1; Win64; x64) AppleWebKit/537.36 (KHTML, like Gecko) Chrome/76.0.3809.100 Safari/537.36"
::1 - - [27/Aug/2019:08:15:15 +0000] "GET /ss/test HTTP/1.1" 304 - "-" "Mozilla/5.0 (Windows NT 6.1; Win64; x64) AppleWebKit/537.36 (KHTML, like Gecko) Chrome/76.0.3809.100 Safari/537.36"
::1 - - [27/Aug/2019:08:15:15 +0000] "GET /ss/test HTTP/1.1" 304 - "-" "Mozilla/5.0 (Windows NT 6.1; Win64; x64) AppleWebKit/537.36 (KHTML, like Gecko) Chrome/76.0.3809.100 Safari/537.36"
::1 - - [27/Aug/2019:08:15:20 +0000] "POST /upload HTTP/1.1" 200 22 "http://localhost:3000/ss/test" "Mozilla/5.0 (Windows NT 6.1; Win64; x64) AppleWebKit/537.36 (KHTML, like Gecko) Chrome/76.0.3809.100 Safari/537.36"
::1 - - [27/Aug/2019:08:27:04 +0000] "GET /ss/test HTTP/1.1" 304 - "-" "Mozilla/5.0 (Windows NT 6.1; Win64; x64) AppleWebKit/537.36 (KHTML, like Gecko) Chrome/76.0.3809.100 Safari/537.36"
::1 - - [27/Aug/2019:08:27:07 +0000] "POST /upload HTTP/1.1" 200 22 "http://localhost:3000/ss/test" "Mozilla/5.0 (Windows NT 6.1; Win64; x64) AppleWebKit/537.36 (KHTML, like Gecko) Chrome/76.0.3809.100 Safari/537.36"
::1 - - [27/Aug/2019:08:28:06 +0000] "GET /ss/test HTTP/1.1" 304 - "-" "Mozilla/5.0 (Windows NT 6.1; Win64; x64) AppleWebKit/537.36 (KHTML, like Gecko) Chrome/76.0.3809.100 Safari/537.36"
::1 - - [27/Aug/2019:08:28:10 +0000] "POST /upload HTTP/1.1" 200 22 "http://localhost:3000/ss/test" "Mozilla/5.0 (Windows NT 6.1; Win64; x64) AppleWebKit/537.36 (KHTML, like Gecko) Chrome/76.0.3809.100 Safari/537.36"
::1 - - [27/Aug/2019:08:28:29 +0000] "POST /upload HTTP/1.1" 200 22 "http://localhost:3000/ss/test" "Mozilla/5.0 (Windows NT 6.1; Win64; x64) AppleWebKit/537.36 (KHTML, like Gecko) Chrome/76.0.3809.100 Safari/537.36"
::1 - - [27/Aug/2019:08:28:55 +0000] "POST /upload HTTP/1.1" 200 22 "http://localhost:3000/ss/test" "Mozilla/5.0 (Windows NT 6.1; Win64; x64) AppleWebKit/537.36 (KHTML, like Gecko) Chrome/76.0.3809.100 Safari/537.36"
::1 - - [27/Aug/2019:08:32:15 +0000] "GET /ss/test HTTP/1.1" 200 769 "-" "Mozilla/5.0 (Windows NT 6.1; Win64; x64) AppleWebKit/537.36 (KHTML, like Gecko) Chrome/76.0.3809.100 Safari/537.36"
::1 - - [27/Aug/2019:08:32:52 +0000] "POST /upload HTTP/1.1" 500 1244 "http://localhost:3000/ss/test" "Mozilla/5.0 (Windows NT 6.1; Win64; x64) AppleWebKit/537.36 (KHTML, like Gecko) Chrome/76.0.3809.100 Safari/537.36"
::1 - - [27/Aug/2019:08:33:39 +0000] "POST /upload HTTP/1.1" 500 1244 "http://localhost:3000/ss/test" "Mozilla/5.0 (Windows NT 6.1; Win64; x64) AppleWebKit/537.36 (KHTML, like Gecko) Chrome/76.0.3809.100 Safari/537.36"
::1 - - [27/Aug/2019:08:33:42 +0000] "GET /ss/test HTTP/1.1" 304 - "-" "Mozilla/5.0 (Windows NT 6.1; Win64; x64) AppleWebKit/537.36 (KHTML, like Gecko) Chrome/76.0.3809.100 Safari/537.36"
::1 - - [27/Aug/2019:08:33:46 +0000] "POST /upload HTTP/1.1" 200 22 "http://localhost:3000/ss/test" "Mozilla/5.0 (Windows NT 6.1; Win64; x64) AppleWebKit/537.36 (KHTML, like Gecko) Chrome/76.0.3809.100 Safari/537.36"
::1 - - [27/Aug/2019:08:33:50 +0000] "POST /upload HTTP/1.1" 500 1244 "http://localhost:3000/ss/test" "Mozilla/5.0 (Windows NT 6.1; Win64; x64) AppleWebKit/537.36 (KHTML, like Gecko) Chrome/76.0.3809.100 Safari/537.36"
::1 - - [27/Aug/2019:08:36:00 +0000] "GET /ss/test HTTP/1.1" 200 543 "-" "Mozilla/5.0 (Windows NT 6.1; Win64; x64) AppleWebKit/537.36 (KHTML, like Gecko) Chrome/76.0.3809.100 Safari/537.36"
::1 - - [27/Aug/2019:08:36:01 +0000] "GET /ss/test HTTP/1.1" 304 - "-" "Mozilla/5.0 (Windows NT 6.1; Win64; x64) AppleWebKit/537.36 (KHTML, like Gecko) Chrome/76.0.3809.100 Safari/537.36"
::1 - - [27/Aug/2019:08:36:01 +0000] "GET /ss/test HTTP/1.1" 304 - "-" "Mozilla/5.0 (Windows NT 6.1; Win64; x64) AppleWebKit/537.36 (KHTML, like Gecko) Chrome/76.0.3809.100 Safari/537.36"
::1 - - [27/Aug/2019:08:36:15 +0000] "POST /upload HTTP/1.1" 200 22 "http://localhost:3000/ss/test" "Mozilla/5.0 (Windows NT 6.1; Win64; x64) AppleWebKit/537.36 (KHTML, like Gecko) Chrome/76.0.3809.100 Safari/537.36"
::1 - - [27/Aug/2019:08:44:09 +0000] "POST /upload HTTP/1.1" 500 1244 "http://localhost:3000/ss/test" "Mozilla/5.0 (Windows NT 6.1; Win64; x64) AppleWebKit/537.36 (KHTML, like Gecko) Chrome/76.0.3809.100 Safari/537.36"
::1 - - [27/Aug/2019:08:44:10 +0000] "GET /ss/test HTTP/1.1" 200 537 "-" "Mozilla/5.0 (Windows NT 6.1; Win64; x64) AppleWebKit/537.36 (KHTML, like Gecko) Chrome/76.0.3809.100 Safari/537.36"
::1 - - [27/Aug/2019:08:44:10 +0000] "GET /ss/test HTTP/1.1" 304 - "-" "Mozilla/5.0 (Windows NT 6.1; Win64; x64) AppleWebKit/537.36 (KHTML, like Gecko) Chrome/76.0.3809.100 Safari/537.36"
::1 - - [27/Aug/2019:08:44:14 +0000] "POST /upload HTTP/1.1" 500 1244 "http://localhost:3000/ss/test" "Mozilla/5.0 (Windows NT 6.1; Win64; x64) AppleWebKit/537.36 (KHTML, like Gecko) Chrome/76.0.3809.100 Safari/537.36"
::1 - - [27/Aug/2019:08:44:36 +0000] "POST /upload HTTP/1.1" 500 1244 "http://localhost:3000/ss/test" "Mozilla/5.0 (Windows NT 6.1; Win64; x64) AppleWebKit/537.36 (KHTML, like Gecko) Chrome/76.0.3809.100 Safari/537.36"
::1 - - [27/Aug/2019:08:44:38 +0000] "GET /ss/test HTTP/1.1" 304 - "-" "Mozilla/5.0 (Windows NT 6.1; Win64; x64) AppleWebKit/537.36 (KHTML, like Gecko) Chrome/76.0.3809.100 Safari/537.36"
::1 - - [27/Aug/2019:08:44:45 +0000] "POST /upload HTTP/1.1" 500 1244 "http://localhost:3000/ss/test" "Mozilla/5.0 (Windows NT 6.1; Win64; x64) AppleWebKit/537.36 (KHTML, like Gecko) Chrome/76.0.3809.100 Safari/537.36"
::1 - - [27/Aug/2019:08:45:07 +0000] "POST /upload HTTP/1.1" 500 1244 "http://localhost:3000/ss/test" "Mozilla/5.0 (Windows NT 6.1; Win64; x64) AppleWebKit/537.36 (KHTML, like Gecko) Chrome/76.0.3809.100 Safari/537.36"
::1 - - [27/Aug/2019:08:46:22 +0000] "POST /upload HTTP/1.1" 500 1244 "http://localhost:3000/ss/test" "Mozilla/5.0 (Windows NT 6.1; Win64; x64) AppleWebKit/537.36 (KHTML, like Gecko) Chrome/76.0.3809.100 Safari/537.36"
::1 - - [27/Aug/2019:08:46:42 +0000] "POST /upload HTTP/1.1" 500 1244 "http://localhost:3000/ss/test" "Mozilla/5.0 (Windows NT 6.1; Win64; x64) AppleWebKit/537.36 (KHTML, like Gecko) Chrome/76.0.3809.100 Safari/537.36"
::1 - - [27/Aug/2019:09:34:14 +0000] "GET /ss/test HTTP/1.1" 304 - "-" "Mozilla/5.0 (Windows NT 6.1; Win64; x64) AppleWebKit/537.36 (KHTML, like Gecko) Chrome/76.0.3809.100 Safari/537.36"
::1 - - [27/Aug/2019:09:34:20 +0000] "POST /upload HTTP/1.1" 500 1244 "http://localhost:3000/ss/test" "Mozilla/5.0 (Windows NT 6.1; Win64; x64) AppleWebKit/537.36 (KHTML, like Gecko) Chrome/76.0.3809.100 Safari/537.36"
