::1 - - [05/Sep/2019:05:43:54 +0000] "POST /ss/d5555555 HTTP/1.1" 404 1208 "-" "Mozilla/5.0 (Windows NT 6.1; Win64; x64) AppleWebKit/537.36 (KHTML, like Gecko) Chrome/76.0.3809.132 Safari/537.36"
::1 - - [05/Sep/2019:05:44:03 +0000] "POST /ss/d5555555 HTTP/1.1" 404 1208 "-" "Mozilla/5.0 (Windows NT 6.1; Win64; x64) AppleWebKit/537.36 (KHTML, like Gecko) Chrome/76.0.3809.132 Safari/537.36"
::1 - - [05/Sep/2019:05:44:03 +0000] "POST /ss/d5555555 HTTP/1.1" 404 1208 "-" "Mozilla/5.0 (Windows NT 6.1; Win64; x64) AppleWebKit/537.36 (KHTML, like Gecko) Chrome/76.0.3809.132 Safari/537.36"
::1 - - [05/Sep/2019:05:44:04 +0000] "POST /ss/d5555555 HTTP/1.1" 404 1208 "-" "Mozilla/5.0 (Windows NT 6.1; Win64; x64) AppleWebKit/537.36 (KHTML, like Gecko) Chrome/76.0.3809.132 Safari/537.36"
::1 - - [05/Sep/2019:05:44:04 +0000] "POST /ss/d5555555 HTTP/1.1" 404 1208 "-" "Mozilla/5.0 (Windows NT 6.1; Win64; x64) AppleWebKit/537.36 (KHTML, like Gecko) Chrome/76.0.3809.132 Safari/537.36"
::1 - - [05/Sep/2019:06:10:50 +0000] "POST /ss/d5555555 HTTP/1.1" 404 1208 "-" "Mozilla/5.0 (Windows NT 6.1; Win64; x64) AppleWebKit/537.36 (KHTML, like Gecko) Chrome/76.0.3809.132 Safari/537.36"
::1 - - [05/Sep/2019:06:23:01 +0000] "POST /ss/d5555555 HTTP/1.1" 404 1208 "-" "Mozilla/5.0 (Windows NT 6.1; Win64; x64) AppleWebKit/537.36 (KHTML, like Gecko) Chrome/76.0.3809.132 Safari/537.36"
::1 - - [2019-9-5 14:24:02]] "GET /socket.io/?EIO=3&transport=polling&t=Mq061eX HTTP/1.1" 404 1208 "http://localhost:3000/status" "Mozilla/5.0 (Windows NT 6.1; Win64; x64) AppleWebKit/537.36 (KHTML, like Gecko) Chrome/76.0.3809.132 Safari/537.36"
::1 - - [2019-9-5 14:24:20]] "POST /ss/d5555555 HTTP/1.1" 404 1208 "-" "Mozilla/5.0 (Windows NT 6.1; Win64; x64) AppleWebKit/537.36 (KHTML, like Gecko) Chrome/76.0.3809.132 Safari/537.36"
::1 - - [2019-9-5 14:24:46]] "GET /status HTTP/1.1" 304 - "-" "Mozilla/5.0 (Windows NT 6.1; Win64; x64) AppleWebKit/537.36 (KHTML, like Gecko) Chrome/76.0.3809.132 Safari/537.36"
::1 - - [2019-9-5 14:24:49]] "GET /status HTTP/1.1" 304 - "-" "Mozilla/5.0 (Windows NT 6.1; Win64; x64) AppleWebKit/537.36 (KHTML, like Gecko) Chrome/76.0.3809.132 Safari/537.36"
::1 - - [05/Sep/2019:06:26:37 +0000] "GET /socket.io/?EIO=3&transport=polling&t=Mq06dJM HTTP/1.1" 404 1208 "http://localhost:3000/status" "Mozilla/5.0 (Windows NT 6.1; Win64; x64) AppleWebKit/537.36 (KHTML, like Gecko) Chrome/76.0.3809.132 Safari/537.36"
::1 - - [05/Sep/2019:06:27:04 +0000] "GET /socket.io/?EIO=3&transport=polling&t=Mq06jm5 HTTP/1.1" 404 1137 "http://localhost:3000/status" "Mozilla/5.0 (Windows NT 6.1; Win64; x64) AppleWebKit/537.36 (KHTML, like Gecko) Chrome/76.0.3809.132 Safari/537.36"
::1 - - [05/Sep/2019:06:28:35 +0000] "GET /socket.io/?EIO=3&transport=polling&t=Mq0744U HTTP/1.1" 404 1137 "http://localhost:3000/status" "Mozilla/5.0 (Windows NT 6.1; Win64; x64) AppleWebKit/537.36 (KHTML, like Gecko) Chrome/76.0.3809.132 Safari/537.36"
::1 - - [05/Sep/2019:06:28:44 +0000] "GET /socket.io/?EIO=3&transport=polling&t=Mq076E0 HTTP/1.1" 404 1208 "http://localhost:3000/status" "Mozilla/5.0 (Windows NT 6.1; Win64; x64) AppleWebKit/537.36 (KHTML, like Gecko) Chrome/76.0.3809.132 Safari/537.36"
::1 - - [05/Sep/2019:06:35:20 +0000] "GET /socket.io/?EIO=3&transport=polling&t=Mq08cjx HTTP/1.1" 404 1208 "http://localhost:3000/status" "Mozilla/5.0 (Windows NT 6.1; Win64; x64) AppleWebKit/537.36 (KHTML, like Gecko) Chrome/76.0.3809.132 Safari/537.36"
::1 - - [05/Sep/2019:06:36:43 +0000] "GET /socket.io/?EIO=3&transport=polling&t=Mq08xHg HTTP/1.1" 404 128 "http://localhost:3000/status" "Mozilla/5.0 (Windows NT 6.1; Win64; x64) AppleWebKit/537.36 (KHTML, like Gecko) Chrome/76.0.3809.132 Safari/537.36"
::1 - - [05/Sep/2019:06:38:47 +0000] "POST /ss/d5555555 HTTP/1.1" 404 128 "-" "Mozilla/5.0 (Windows NT 6.1; Win64; x64) AppleWebKit/537.36 (KHTML, like Gecko) Chrome/76.0.3809.132 Safari/537.36"
::1 - - [05/Sep/2019:06:39:18 +0000] "GET /socket.io/?EIO=3&transport=polling&t=Mq09XBK HTTP/1.1" 404 128 "http://localhost:3000/status" "Mozilla/5.0 (Windows NT 6.1; Win64; x64) AppleWebKit/537.36 (KHTML, like Gecko) Chrome/76.0.3809.132 Safari/537.36"
::1 - - [05/Sep/2019:06:39:34 +0000] "GET /socket.io/?EIO=3&transport=polling&t=Mq09ao4 HTTP/1.1" 404 128 "http://localhost:3000/status" "Mozilla/5.0 (Windows NT 6.1; Win64; x64) AppleWebKit/537.36 (KHTML, like Gecko) Chrome/76.0.3809.132 Safari/537.36"
::1 - - [05/Sep/2019:06:40:00 +0000] "GET /socket.io/?EIO=3&transport=polling&t=Mq09hNa HTTP/1.1" 404 128 "http://localhost:3000/status" "Mozilla/5.0 (Windows NT 6.1; Win64; x64) AppleWebKit/537.36 (KHTML, like Gecko) Chrome/76.0.3809.132 Safari/537.36"
::1 - - [05/Sep/2019:06:40:21 +0000] "GET /socket.io/?EIO=3&transport=polling&t=Mq09mKB HTTP/1.1" 404 128 "http://localhost:3000/status" "Mozilla/5.0 (Windows NT 6.1; Win64; x64) AppleWebKit/537.36 (KHTML, like Gecko) Chrome/76.0.3809.132 Safari/537.36"
::1 - - [05/Sep/2019:06:40:47 +0000] "GET /socket.io/?EIO=3&transport=polling&t=Mq09skY HTTP/1.1" 404 128 "http://localhost:3000/status" "Mozilla/5.0 (Windows NT 6.1; Win64; x64) AppleWebKit/537.36 (KHTML, like Gecko) Chrome/76.0.3809.132 Safari/537.36"
::1 - - [2019-9-5 14:41:09]] "GET /socket.io/?EIO=3&transport=polling&t=Mq09y45 HTTP/1.1" 404 128 "http://localhost:3000/status" "Mozilla/5.0 (Windows NT 6.1; Win64; x64) AppleWebKit/537.36 (KHTML, like Gecko) Chrome/76.0.3809.132 Safari/537.36"
::1 - - [2019-9-5 14:41:31]] "GET /socket.io/?EIO=3&transport=polling&t=Mq0A1W9 HTTP/1.1" 404 128 "http://localhost:3000/status" "Mozilla/5.0 (Windows NT 6.1; Win64; x64) AppleWebKit/537.36 (KHTML, like Gecko) Chrome/76.0.3809.132 Safari/537.36"
::1 - - [2019-9-5 14:42:22]] "GET /socket.io/?EIO=3&transport=polling&t=Mq0AD_V HTTP/1.1" 404 128 "http://localhost:3000/status" "Mozilla/5.0 (Windows NT 6.1; Win64; x64) AppleWebKit/537.36 (KHTML, like Gecko) Chrome/76.0.3809.132 Safari/537.36"
::1 - - [2019-9-5 15:59:22]] "POST /ss/d5555555 HTTP/1.1" 404 127 "-" "Mozilla/5.0 (Windows NT 6.1; Win64; x64) AppleWebKit/537.36 (KHTML, like Gecko) Chrome/76.0.3809.132 Safari/537.36"
