::1 - - [16/Aug/2019:01:09:33 +0000] "POST /text/token1111 HTTP/1.1" 404 1138 "-" "Mozilla/5.0 (Windows NT 6.1; Win64; x64) AppleWebKit/537.36 (KHTML, like Gecko) Chrome/76.0.3809.100 Safari/537.36"
::1 - - [16/Aug/2019:01:15:25 +0000] "POST /text/token1111 HTTP/1.1" 404 1138 "-" "Mozilla/5.0 (Windows NT 6.1; Win64; x64) AppleWebKit/537.36 (KHTML, like Gecko) Chrome/76.0.3809.100 Safari/537.36"
::1 - - [16/Aug/2019:01:15:26 +0000] "POST /text/token1111 HTTP/1.1" 404 1138 "-" "Mozilla/5.0 (Windows NT 6.1; Win64; x64) AppleWebKit/537.36 (KHTML, like Gecko) Chrome/76.0.3809.100 Safari/537.36"
::1 - - [16/Aug/2019:01:15:26 +0000] "POST /text/token1111 HTTP/1.1" 404 1138 "-" "Mozilla/5.0 (Windows NT 6.1; Win64; x64) AppleWebKit/537.36 (KHTML, like Gecko) Chrome/76.0.3809.100 Safari/537.36"
::1 - - [16/Aug/2019:01:15:26 +0000] "POST /text/token1111 HTTP/1.1" 404 1138 "-" "Mozilla/5.0 (Windows NT 6.1; Win64; x64) AppleWebKit/537.36 (KHTML, like Gecko) Chrome/76.0.3809.100 Safari/537.36"
::1 - - [16/Aug/2019:01:15:26 +0000] "POST /text/token1111 HTTP/1.1" 404 1138 "-" "Mozilla/5.0 (Windows NT 6.1; Win64; x64) AppleWebKit/537.36 (KHTML, like Gecko) Chrome/76.0.3809.100 Safari/537.36"
::1 - - [16/Aug/2019:01:15:26 +0000] "POST /text/token1111 HTTP/1.1" 404 1138 "-" "Mozilla/5.0 (Windows NT 6.1; Win64; x64) AppleWebKit/537.36 (KHTML, like Gecko) Chrome/76.0.3809.100 Safari/537.36"
::1 - - [16/Aug/2019:01:15:26 +0000] "POST /text/token1111 HTTP/1.1" 404 1138 "-" "Mozilla/5.0 (Windows NT 6.1; Win64; x64) AppleWebKit/537.36 (KHTML, like Gecko) Chrome/76.0.3809.100 Safari/537.36"
::1 - - [16/Aug/2019:01:15:27 +0000] "POST /text/token1111 HTTP/1.1" 404 1138 "-" "Mozilla/5.0 (Windows NT 6.1; Win64; x64) AppleWebKit/537.36 (KHTML, like Gecko) Chrome/76.0.3809.100 Safari/537.36"
::1 - - [16/Aug/2019:01:15:27 +0000] "POST /text/token1111 HTTP/1.1" 404 1138 "-" "Mozilla/5.0 (Windows NT 6.1; Win64; x64) AppleWebKit/537.36 (KHTML, like Gecko) Chrome/76.0.3809.100 Safari/537.36"
::1 - - [16/Aug/2019:01:15:27 +0000] "POST /text/token1111 HTTP/1.1" 404 1138 "-" "Mozilla/5.0 (Windows NT 6.1; Win64; x64) AppleWebKit/537.36 (KHTML, like Gecko) Chrome/76.0.3809.100 Safari/537.36"
::1 - - [16/Aug/2019:01:15:27 +0000] "POST /text/token1111 HTTP/1.1" 404 1138 "-" "Mozilla/5.0 (Windows NT 6.1; Win64; x64) AppleWebKit/537.36 (KHTML, like Gecko) Chrome/76.0.3809.100 Safari/537.36"
::1 - - [16/Aug/2019:01:15:27 +0000] "POST /text/token1111 HTTP/1.1" 404 1138 "-" "Mozilla/5.0 (Windows NT 6.1; Win64; x64) AppleWebKit/537.36 (KHTML, like Gecko) Chrome/76.0.3809.100 Safari/537.36"
::1 - - [16/Aug/2019:01:15:28 +0000] "POST /text/token1111 HTTP/1.1" 404 1138 "-" "Mozilla/5.0 (Windows NT 6.1; Win64; x64) AppleWebKit/537.36 (KHTML, like Gecko) Chrome/76.0.3809.100 Safari/537.36"
::1 - - [16/Aug/2019:01:15:28 +0000] "POST /text/token1111 HTTP/1.1" 404 1138 "-" "Mozilla/5.0 (Windows NT 6.1; Win64; x64) AppleWebKit/537.36 (KHTML, like Gecko) Chrome/76.0.3809.100 Safari/537.36"
::1 - - [16/Aug/2019:01:15:28 +0000] "POST /text/token1111 HTTP/1.1" 404 1138 "-" "Mozilla/5.0 (Windows NT 6.1; Win64; x64) AppleWebKit/537.36 (KHTML, like Gecko) Chrome/76.0.3809.100 Safari/537.36"
::1 - - [16/Aug/2019:01:15:28 +0000] "POST /text/token1111 HTTP/1.1" 404 1138 "-" "Mozilla/5.0 (Windows NT 6.1; Win64; x64) AppleWebKit/537.36 (KHTML, like Gecko) Chrome/76.0.3809.100 Safari/537.36"
::1 - - [16/Aug/2019:01:15:45 +0000] "GET /54 HTTP/1.1" 404 1138 "-" "Mozilla/5.0 (Windows NT 6.1; Win64; x64) AppleWebKit/537.36 (KHTML, like Gecko) Chrome/76.0.3809.100 Safari/537.36"
::1 - - [16/Aug/2019:01:15:46 +0000] "GET /54 HTTP/1.1" 404 1138 "-" "Mozilla/5.0 (Windows NT 6.1; Win64; x64) AppleWebKit/537.36 (KHTML, like Gecko) Chrome/76.0.3809.100 Safari/537.36"
::1 - - [16/Aug/2019:01:15:46 +0000] "GET /54 HTTP/1.1" 404 1138 "-" "Mozilla/5.0 (Windows NT 6.1; Win64; x64) AppleWebKit/537.36 (KHTML, like Gecko) Chrome/76.0.3809.100 Safari/537.36"
::1 - - [16/Aug/2019:01:15:46 +0000] "GET /54 HTTP/1.1" 404 1138 "-" "Mozilla/5.0 (Windows NT 6.1; Win64; x64) AppleWebKit/537.36 (KHTML, like Gecko) Chrome/76.0.3809.100 Safari/537.36"
::1 - - [16/Aug/2019:01:18:03 +0000] "POST /text/token1111 HTTP/1.1" 404 1138 "-" "Mozilla/5.0 (Windows NT 6.1; Win64; x64) AppleWebKit/537.36 (KHTML, like Gecko) Chrome/76.0.3809.100 Safari/537.36"
::1 - - [16/Aug/2019:01:18:03 +0000] "POST /text/token1111 HTTP/1.1" 404 1138 "-" "Mozilla/5.0 (Windows NT 6.1; Win64; x64) AppleWebKit/537.36 (KHTML, like Gecko) Chrome/76.0.3809.100 Safari/537.36"
::1 - - [16/Aug/2019:01:18:03 +0000] "POST /text/token1111 HTTP/1.1" 404 1138 "-" "Mozilla/5.0 (Windows NT 6.1; Win64; x64) AppleWebKit/537.36 (KHTML, like Gecko) Chrome/76.0.3809.100 Safari/537.36"
::1 - - [16/Aug/2019:01:18:03 +0000] "POST /text/token1111 HTTP/1.1" 404 1138 "-" "Mozilla/5.0 (Windows NT 6.1; Win64; x64) AppleWebKit/537.36 (KHTML, like Gecko) Chrome/76.0.3809.100 Safari/537.36"
::1 - - [16/Aug/2019:01:18:03 +0000] "POST /text/token1111 HTTP/1.1" 404 1138 "-" "Mozilla/5.0 (Windows NT 6.1; Win64; x64) AppleWebKit/537.36 (KHTML, like Gecko) Chrome/76.0.3809.100 Safari/537.36"
::1 - - [16/Aug/2019:01:18:04 +0000] "POST /text/token1111 HTTP/1.1" 404 1138 "-" "Mozilla/5.0 (Windows NT 6.1; Win64; x64) AppleWebKit/537.36 (KHTML, like Gecko) Chrome/76.0.3809.100 Safari/537.36"
::1 - - [16/Aug/2019:01:18:04 +0000] "POST /text/token1111 HTTP/1.1" 404 1138 "-" "Mozilla/5.0 (Windows NT 6.1; Win64; x64) AppleWebKit/537.36 (KHTML, like Gecko) Chrome/76.0.3809.100 Safari/537.36"
::1 - - [16/Aug/2019:01:18:04 +0000] "POST /text/token1111 HTTP/1.1" 404 1138 "-" "Mozilla/5.0 (Windows NT 6.1; Win64; x64) AppleWebKit/537.36 (KHTML, like Gecko) Chrome/76.0.3809.100 Safari/537.36"
::1 - - [16/Aug/2019:01:18:04 +0000] "POST /text/token1111 HTTP/1.1" 404 1138 "-" "Mozilla/5.0 (Windows NT 6.1; Win64; x64) AppleWebKit/537.36 (KHTML, like Gecko) Chrome/76.0.3809.100 Safari/537.36"
::1 - - [16/Aug/2019:01:38:25 +0000] "POST /text/token1111 HTTP/1.1" 404 1138 "-" "Mozilla/5.0 (Windows NT 6.1; Win64; x64) AppleWebKit/537.36 (KHTML, like Gecko) Chrome/76.0.3809.100 Safari/537.36"
::1 - - [16/Aug/2019:01:47:14 +0000] "POST /text/token1111 HTTP/1.1" 404 1138 "-" "Mozilla/5.0 (Windows NT 6.1; Win64; x64) AppleWebKit/537.36 (KHTML, like Gecko) Chrome/76.0.3809.100 Safari/537.36"
::1 - - [16/Aug/2019:02:01:29 +0000] "POST /text/token1111 HTTP/1.1" 404 1140 "-" "Mozilla/5.0 (Windows NT 6.1; Win64; x64) AppleWebKit/537.36 (KHTML, like Gecko) Chrome/76.0.3809.100 Safari/537.36"
::1 - - [16/Aug/2019:07:10:11 +0000] "POST /text/token HTTP/1.1" - - "-" "Mozilla/5.0 (Windows NT 6.1; Win64; x64) AppleWebKit/537.36 (KHTML, like Gecko) Chrome/76.0.3809.100 Safari/537.36"
::1 - - [16/Aug/2019:07:10:18 +0000] "POST /login HTTP/1.1" - - "-" "Mozilla/5.0 (Windows NT 6.1; Win64; x64) AppleWebKit/537.36 (KHTML, like Gecko) Chrome/76.0.3809.100 Safari/537.36"
::1 - - [16/Aug/2019:07:11:21 +0000] "POST /login HTTP/1.1" - - "-" "Mozilla/5.0 (Windows NT 6.1; Win64; x64) AppleWebKit/537.36 (KHTML, like Gecko) Chrome/76.0.3809.100 Safari/537.36"
::1 - - [16/Aug/2019:07:13:17 +0000] "POST /login HTTP/1.1" 200 35 "-" "Mozilla/5.0 (Windows NT 6.1; Win64; x64) AppleWebKit/537.36 (KHTML, like Gecko) Chrome/76.0.3809.100 Safari/537.36"
::1 - - [16/Aug/2019:07:13:45 +0000] "POST /login HTTP/1.1" 200 35 "-" "Mozilla/5.0 (Windows NT 6.1; Win64; x64) AppleWebKit/537.36 (KHTML, like Gecko) Chrome/76.0.3809.100 Safari/537.36"
::1 - - [16/Aug/2019:07:25:05 +0000] "POST /login HTTP/1.1" 200 35 "-" "Mozilla/5.0 (Windows NT 6.1; Win64; x64) AppleWebKit/537.36 (KHTML, like Gecko) Chrome/76.0.3809.100 Safari/537.36"
::1 - - [16/Aug/2019:07:25:06 +0000] "POST /login HTTP/1.1" 200 35 "-" "Mozilla/5.0 (Windows NT 6.1; Win64; x64) AppleWebKit/537.36 (KHTML, like Gecko) Chrome/76.0.3809.100 Safari/537.36"
::1 - - [16/Aug/2019:07:25:07 +0000] "POST /login HTTP/1.1" 200 35 "-" "Mozilla/5.0 (Windows NT 6.1; Win64; x64) AppleWebKit/537.36 (KHTML, like Gecko) Chrome/76.0.3809.100 Safari/537.36"
::1 - - [16/Aug/2019:07:25:07 +0000] "POST /login HTTP/1.1" 200 35 "-" "Mozilla/5.0 (Windows NT 6.1; Win64; x64) AppleWebKit/537.36 (KHTML, like Gecko) Chrome/76.0.3809.100 Safari/537.36"
::1 - - [16/Aug/2019:07:25:07 +0000] "POST /login HTTP/1.1" 200 35 "-" "Mozilla/5.0 (Windows NT 6.1; Win64; x64) AppleWebKit/537.36 (KHTML, like Gecko) Chrome/76.0.3809.100 Safari/537.36"
::1 - - [16/Aug/2019:07:25:58 +0000] "POST /login HTTP/1.1" 200 35 "-" "Mozilla/5.0 (Windows NT 6.1; Win64; x64) AppleWebKit/537.36 (KHTML, like Gecko) Chrome/76.0.3809.100 Safari/537.36"
::1 - - [16/Aug/2019:07:26:35 +0000] "POST /login HTTP/1.1" 200 35 "-" "Mozilla/5.0 (Windows NT 6.1; Win64; x64) AppleWebKit/537.36 (KHTML, like Gecko) Chrome/76.0.3809.100 Safari/537.36"
::1 - - [16/Aug/2019:07:27:06 +0000] "POST /login HTTP/1.1" 200 35 "-" "Mozilla/5.0 (Windows NT 6.1; Win64; x64) AppleWebKit/537.36 (KHTML, like Gecko) Chrome/76.0.3809.100 Safari/537.36"
::1 - - [16/Aug/2019:09:33:06 +0000] "POST /login HTTP/1.1" 200 35 "-" "Mozilla/5.0 (Windows NT 6.1; Win64; x64) AppleWebKit/537.36 (KHTML, like Gecko) Chrome/76.0.3809.100 Safari/537.36"
::1 - - [16/Aug/2019:09:36:36 +0000] "POST /login HTTP/1.1" 200 35 "-" "Mozilla/5.0 (Windows NT 6.1; Win64; x64) AppleWebKit/537.36 (KHTML, like Gecko) Chrome/76.0.3809.100 Safari/537.36"
::1 - - [16/Aug/2019:09:36:37 +0000] "POST /login HTTP/1.1" 200 35 "-" "Mozilla/5.0 (Windows NT 6.1; Win64; x64) AppleWebKit/537.36 (KHTML, like Gecko) Chrome/76.0.3809.100 Safari/537.36"
::1 - - [16/Aug/2019:09:36:37 +0000] "POST /login HTTP/1.1" 200 35 "-" "Mozilla/5.0 (Windows NT 6.1; Win64; x64) AppleWebKit/537.36 (KHTML, like Gecko) Chrome/76.0.3809.100 Safari/537.36"
::1 - - [16/Aug/2019:09:36:37 +0000] "POST /login HTTP/1.1" 200 35 "-" "Mozilla/5.0 (Windows NT 6.1; Win64; x64) AppleWebKit/537.36 (KHTML, like Gecko) Chrome/76.0.3809.100 Safari/537.36"
::1 - - [16/Aug/2019:09:36:38 +0000] "POST /login HTTP/1.1" 200 35 "-" "Mozilla/5.0 (Windows NT 6.1; Win64; x64) AppleWebKit/537.36 (KHTML, like Gecko) Chrome/76.0.3809.100 Safari/537.36"
::1 - - [16/Aug/2019:09:36:38 +0000] "POST /login HTTP/1.1" 200 35 "-" "Mozilla/5.0 (Windows NT 6.1; Win64; x64) AppleWebKit/537.36 (KHTML, like Gecko) Chrome/76.0.3809.100 Safari/537.36"
::1 - - [16/Aug/2019:09:36:38 +0000] "POST /login HTTP/1.1" 200 35 "-" "Mozilla/5.0 (Windows NT 6.1; Win64; x64) AppleWebKit/537.36 (KHTML, like Gecko) Chrome/76.0.3809.100 Safari/537.36"
::1 - - [16/Aug/2019:09:45:15 +0000] "POST /login HTTP/1.1" 200 35 "-" "Mozilla/5.0 (Windows NT 6.1; Win64; x64) AppleWebKit/537.36 (KHTML, like Gecko) Chrome/76.0.3809.100 Safari/537.36"
::1 - - [16/Aug/2019:09:45:16 +0000] "POST /login HTTP/1.1" 200 35 "-" "Mozilla/5.0 (Windows NT 6.1; Win64; x64) AppleWebKit/537.36 (KHTML, like Gecko) Chrome/76.0.3809.100 Safari/537.36"
::1 - - [16/Aug/2019:09:45:16 +0000] "POST /login HTTP/1.1" 200 35 "-" "Mozilla/5.0 (Windows NT 6.1; Win64; x64) AppleWebKit/537.36 (KHTML, like Gecko) Chrome/76.0.3809.100 Safari/537.36"
::1 - - [16/Aug/2019:09:45:16 +0000] "POST /login HTTP/1.1" 200 35 "-" "Mozilla/5.0 (Windows NT 6.1; Win64; x64) AppleWebKit/537.36 (KHTML, like Gecko) Chrome/76.0.3809.100 Safari/537.36"
::1 - - [16/Aug/2019:09:45:16 +0000] "POST /login HTTP/1.1" 200 35 "-" "Mozilla/5.0 (Windows NT 6.1; Win64; x64) AppleWebKit/537.36 (KHTML, like Gecko) Chrome/76.0.3809.100 Safari/537.36"
::1 - - [16/Aug/2019:09:47:15 +0000] "POST /login HTTP/1.1" 200 35 "-" "Mozilla/5.0 (Windows NT 6.1; Win64; x64) AppleWebKit/537.36 (KHTML, like Gecko) Chrome/76.0.3809.100 Safari/537.36"
::1 - - [16/Aug/2019:09:47:17 +0000] "POST /login HTTP/1.1" 200 35 "-" "Mozilla/5.0 (Windows NT 6.1; Win64; x64) AppleWebKit/537.36 (KHTML, like Gecko) Chrome/76.0.3809.100 Safari/537.36"
::1 - - [16/Aug/2019:09:47:17 +0000] "POST /login HTTP/1.1" 200 35 "-" "Mozilla/5.0 (Windows NT 6.1; Win64; x64) AppleWebKit/537.36 (KHTML, like Gecko) Chrome/76.0.3809.100 Safari/537.36"
::1 - - [16/Aug/2019:09:47:17 +0000] "POST /login HTTP/1.1" 200 35 "-" "Mozilla/5.0 (Windows NT 6.1; Win64; x64) AppleWebKit/537.36 (KHTML, like Gecko) Chrome/76.0.3809.100 Safari/537.36"
::1 - - [16/Aug/2019:09:47:17 +0000] "POST /login HTTP/1.1" 200 35 "-" "Mozilla/5.0 (Windows NT 6.1; Win64; x64) AppleWebKit/537.36 (KHTML, like Gecko) Chrome/76.0.3809.100 Safari/537.36"
::1 - - [16/Aug/2019:09:47:18 +0000] "POST /login HTTP/1.1" 200 35 "-" "Mozilla/5.0 (Windows NT 6.1; Win64; x64) AppleWebKit/537.36 (KHTML, like Gecko) Chrome/76.0.3809.100 Safari/537.36"
::1 - - [16/Aug/2019:09:47:18 +0000] "POST /login HTTP/1.1" 200 35 "-" "Mozilla/5.0 (Windows NT 6.1; Win64; x64) AppleWebKit/537.36 (KHTML, like Gecko) Chrome/76.0.3809.100 Safari/537.36"
::1 - - [16/Aug/2019:09:47:18 +0000] "POST /login HTTP/1.1" 200 35 "-" "Mozilla/5.0 (Windows NT 6.1; Win64; x64) AppleWebKit/537.36 (KHTML, like Gecko) Chrome/76.0.3809.100 Safari/537.36"
::1 - - [16/Aug/2019:09:47:18 +0000] "POST /login HTTP/1.1" 200 35 "-" "Mozilla/5.0 (Windows NT 6.1; Win64; x64) AppleWebKit/537.36 (KHTML, like Gecko) Chrome/76.0.3809.100 Safari/537.36"
::1 - - [16/Aug/2019:09:47:18 +0000] "POST /login HTTP/1.1" 200 35 "-" "Mozilla/5.0 (Windows NT 6.1; Win64; x64) AppleWebKit/537.36 (KHTML, like Gecko) Chrome/76.0.3809.100 Safari/537.36"
::1 - - [16/Aug/2019:09:47:20 +0000] "POST /login HTTP/1.1" 200 35 "-" "Mozilla/5.0 (Windows NT 6.1; Win64; x64) AppleWebKit/537.36 (KHTML, like Gecko) Chrome/76.0.3809.100 Safari/537.36"
::1 - - [16/Aug/2019:09:47:21 +0000] "POST /login HTTP/1.1" 200 35 "-" "Mozilla/5.0 (Windows NT 6.1; Win64; x64) AppleWebKit/537.36 (KHTML, like Gecko) Chrome/76.0.3809.100 Safari/537.36"
::1 - - [16/Aug/2019:09:47:21 +0000] "POST /login HTTP/1.1" 200 35 "-" "Mozilla/5.0 (Windows NT 6.1; Win64; x64) AppleWebKit/537.36 (KHTML, like Gecko) Chrome/76.0.3809.100 Safari/537.36"
::1 - - [16/Aug/2019:09:47:21 +0000] "POST /login HTTP/1.1" 200 35 "-" "Mozilla/5.0 (Windows NT 6.1; Win64; x64) AppleWebKit/537.36 (KHTML, like Gecko) Chrome/76.0.3809.100 Safari/537.36"
::1 - - [16/Aug/2019:09:47:21 +0000] "POST /login HTTP/1.1" 200 35 "-" "Mozilla/5.0 (Windows NT 6.1; Win64; x64) AppleWebKit/537.36 (KHTML, like Gecko) Chrome/76.0.3809.100 Safari/537.36"
::1 - - [16/Aug/2019:09:47:21 +0000] "POST /login HTTP/1.1" 200 35 "-" "Mozilla/5.0 (Windows NT 6.1; Win64; x64) AppleWebKit/537.36 (KHTML, like Gecko) Chrome/76.0.3809.100 Safari/537.36"
