::1 - - [28/Aug/2019:01:57:18 +0000] "GET /ss/test HTTP/1.1" 304 - "-" "Mozilla/5.0 (Windows NT 6.1; Win64; x64) AppleWebKit/537.36 (KHTML, like Gecko) Chrome/76.0.3809.100 Safari/537.36"
::1 - - [28/Aug/2019:01:57:26 +0000] "POST /upload HTTP/1.1" 200 10 "http://localhost:3000/ss/test" "Mozilla/5.0 (Windows NT 6.1; Win64; x64) AppleWebKit/537.36 (KHTML, like Gecko) Chrome/76.0.3809.100 Safari/537.36"
::1 - - [28/Aug/2019:01:58:27 +0000] "POST /upload HTTP/1.1" 200 10 "http://localhost:3000/ss/test" "Mozilla/5.0 (Windows NT 6.1; Win64; x64) AppleWebKit/537.36 (KHTML, like Gecko) Chrome/76.0.3809.100 Safari/537.36"
::1 - - [28/Aug/2019:02:01:38 +0000] "POST /upload HTTP/1.1" 500 1244 "http://localhost:3000/ss/test" "Mozilla/5.0 (Windows NT 6.1; Win64; x64) AppleWebKit/537.36 (KHTML, like Gecko) Chrome/76.0.3809.100 Safari/537.36"
::1 - - [28/Aug/2019:02:19:40 +0000] "GET /ss/test HTTP/1.1" 200 539 "-" "Mozilla/5.0 (Windows NT 6.1; Win64; x64) AppleWebKit/537.36 (KHTML, like Gecko) Chrome/76.0.3809.100 Safari/537.36"
::1 - - [28/Aug/2019:02:19:46 +0000] "POST /upload HTTP/1.1" 200 10 "http://localhost:3000/ss/test" "Mozilla/5.0 (Windows NT 6.1; Win64; x64) AppleWebKit/537.36 (KHTML, like Gecko) Chrome/76.0.3809.100 Safari/537.36"
::1 - - [28/Aug/2019:02:23:08 +0000] "POST /upload HTTP/1.1" 200 10 "http://localhost:3000/ss/test" "Mozilla/5.0 (Windows NT 6.1; Win64; x64) AppleWebKit/537.36 (KHTML, like Gecko) Chrome/76.0.3809.100 Safari/537.36"
::1 - - [28/Aug/2019:02:24:10 +0000] "POST /upload HTTP/1.1" 200 10 "http://localhost:3000/ss/test" "Mozilla/5.0 (Windows NT 6.1; Win64; x64) AppleWebKit/537.36 (KHTML, like Gecko) Chrome/76.0.3809.100 Safari/537.36"
::1 - - [28/Aug/2019:02:29:19 +0000] "GET /ss/test HTTP/1.1" 304 - "-" "Mozilla/5.0 (Windows NT 6.1; Win64; x64) AppleWebKit/537.36 (KHTML, like Gecko) Chrome/76.0.3809.100 Safari/537.36"
::1 - - [28/Aug/2019:02:29:20 +0000] "GET /ss/test HTTP/1.1" 304 - "-" "Mozilla/5.0 (Windows NT 6.1; Win64; x64) AppleWebKit/537.36 (KHTML, like Gecko) Chrome/76.0.3809.100 Safari/537.36"
::1 - - [28/Aug/2019:02:29:20 +0000] "GET /ss/test HTTP/1.1" 304 - "-" "Mozilla/5.0 (Windows NT 6.1; Win64; x64) AppleWebKit/537.36 (KHTML, like Gecko) Chrome/76.0.3809.100 Safari/537.36"
::1 - - [28/Aug/2019:02:29:20 +0000] "GET /ss/test HTTP/1.1" 304 - "-" "Mozilla/5.0 (Windows NT 6.1; Win64; x64) AppleWebKit/537.36 (KHTML, like Gecko) Chrome/76.0.3809.100 Safari/537.36"
::1 - - [28/Aug/2019:02:29:20 +0000] "GET /ss/test HTTP/1.1" 304 - "-" "Mozilla/5.0 (Windows NT 6.1; Win64; x64) AppleWebKit/537.36 (KHTML, like Gecko) Chrome/76.0.3809.100 Safari/537.36"
::1 - - [28/Aug/2019:02:29:21 +0000] "GET /ss/test HTTP/1.1" 304 - "-" "Mozilla/5.0 (Windows NT 6.1; Win64; x64) AppleWebKit/537.36 (KHTML, like Gecko) Chrome/76.0.3809.100 Safari/537.36"
::1 - - [28/Aug/2019:02:30:25 +0000] "POST /upload HTTP/1.1" 200 10 "http://localhost:3000/ss/test" "Mozilla/5.0 (Windows NT 6.1; Win64; x64) AppleWebKit/537.36 (KHTML, like Gecko) Chrome/76.0.3809.100 Safari/537.36"
::1 - - [28/Aug/2019:02:34:36 +0000] "POST /upload HTTP/1.1" 200 10 "http://localhost:3000/ss/test" "Mozilla/5.0 (Windows NT 6.1; Win64; x64) AppleWebKit/537.36 (KHTML, like Gecko) Chrome/76.0.3809.100 Safari/537.36"
::1 - - [28/Aug/2019:02:36:13 +0000] "POST /upload HTTP/1.1" 500 1244 "http://localhost:3000/ss/test" "Mozilla/5.0 (Windows NT 6.1; Win64; x64) AppleWebKit/537.36 (KHTML, like Gecko) Chrome/76.0.3809.100 Safari/537.36"
::1 - - [28/Aug/2019:02:38:10 +0000] "POST /upload HTTP/1.1" 500 1244 "http://localhost:3000/ss/test" "Mozilla/5.0 (Windows NT 6.1; Win64; x64) AppleWebKit/537.36 (KHTML, like Gecko) Chrome/76.0.3809.100 Safari/537.36"
::1 - - [28/Aug/2019:02:38:10 +0000] "GET /ss/test HTTP/1.1" 200 543 "-" "Mozilla/5.0 (Windows NT 6.1; Win64; x64) AppleWebKit/537.36 (KHTML, like Gecko) Chrome/76.0.3809.100 Safari/537.36"
::1 - - [28/Aug/2019:02:38:11 +0000] "GET /ss/test HTTP/1.1" 304 - "-" "Mozilla/5.0 (Windows NT 6.1; Win64; x64) AppleWebKit/537.36 (KHTML, like Gecko) Chrome/76.0.3809.100 Safari/537.36"
::1 - - [28/Aug/2019:02:38:11 +0000] "GET /ss/test HTTP/1.1" 304 - "-" "Mozilla/5.0 (Windows NT 6.1; Win64; x64) AppleWebKit/537.36 (KHTML, like Gecko) Chrome/76.0.3809.100 Safari/537.36"
::1 - - [28/Aug/2019:02:38:11 +0000] "GET /ss/text HTTP/1.1" 404 1208 "-" "Mozilla/5.0 (Windows NT 6.1; Win64; x64) AppleWebKit/537.36 (KHTML, like Gecko) Chrome/76.0.3809.100 Safari/537.36"
::1 - - [28/Aug/2019:02:38:12 +0000] "GET /ss/text HTTP/1.1" 404 1208 "-" "Mozilla/5.0 (Windows NT 6.1; Win64; x64) AppleWebKit/537.36 (KHTML, like Gecko) Chrome/76.0.3809.100 Safari/537.36"
::1 - - [28/Aug/2019:02:38:12 +0000] "GET /ss/test HTTP/1.1" 304 - "-" "Mozilla/5.0 (Windows NT 6.1; Win64; x64) AppleWebKit/537.36 (KHTML, like Gecko) Chrome/76.0.3809.100 Safari/537.36"
::1 - - [28/Aug/2019:02:38:13 +0000] "GET /ss/test HTTP/1.1" 304 - "-" "Mozilla/5.0 (Windows NT 6.1; Win64; x64) AppleWebKit/537.36 (KHTML, like Gecko) Chrome/76.0.3809.100 Safari/537.36"
::1 - - [28/Aug/2019:02:38:13 +0000] "GET /ss/test HTTP/1.1" 304 - "-" "Mozilla/5.0 (Windows NT 6.1; Win64; x64) AppleWebKit/537.36 (KHTML, like Gecko) Chrome/76.0.3809.100 Safari/537.36"
::1 - - [28/Aug/2019:02:38:13 +0000] "GET /ss/test HTTP/1.1" 304 - "-" "Mozilla/5.0 (Windows NT 6.1; Win64; x64) AppleWebKit/537.36 (KHTML, like Gecko) Chrome/76.0.3809.100 Safari/537.36"
::1 - - [28/Aug/2019:02:38:13 +0000] "GET /ss/test HTTP/1.1" 304 - "-" "Mozilla/5.0 (Windows NT 6.1; Win64; x64) AppleWebKit/537.36 (KHTML, like Gecko) Chrome/76.0.3809.100 Safari/537.36"
::1 - - [28/Aug/2019:02:38:20 +0000] "POST /upload HTTP/1.1" 200 22 "http://localhost:3000/ss/test" "Mozilla/5.0 (Windows NT 6.1; Win64; x64) AppleWebKit/537.36 (KHTML, like Gecko) Chrome/76.0.3809.100 Safari/537.36"
::1 - - [28/Aug/2019:02:41:41 +0000] "POST /upload HTTP/1.1" 200 22 "http://localhost:3000/ss/test" "Mozilla/5.0 (Windows NT 6.1; Win64; x64) AppleWebKit/537.36 (KHTML, like Gecko) Chrome/76.0.3809.100 Safari/537.36"
::1 - - [28/Aug/2019:02:44:35 +0000] "POST /upload HTTP/1.1" 200 10 "http://localhost:3000/ss/test" "Mozilla/5.0 (Windows NT 6.1; Win64; x64) AppleWebKit/537.36 (KHTML, like Gecko) Chrome/76.0.3809.100 Safari/537.36"
::1 - - [28/Aug/2019:02:45:20 +0000] "POST /upload HTTP/1.1" 200 22 "http://localhost:3000/ss/test" "Mozilla/5.0 (Windows NT 6.1; Win64; x64) AppleWebKit/537.36 (KHTML, like Gecko) Chrome/76.0.3809.100 Safari/537.36"
::1 - - [28/Aug/2019:02:46:37 +0000] "GET /ss/test HTTP/1.1" 200 649 "-" "Mozilla/5.0 (Windows NT 6.1; Win64; x64) AppleWebKit/537.36 (KHTML, like Gecko) Chrome/76.0.3809.100 Safari/537.36"
::1 - - [28/Aug/2019:02:47:31 +0000] "POST /upload HTTP/1.1" 200 22 "http://localhost:3000/ss/test" "Mozilla/5.0 (Windows NT 6.1; Win64; x64) AppleWebKit/537.36 (KHTML, like Gecko) Chrome/76.0.3809.100 Safari/537.36"
::1 - - [28/Aug/2019:02:48:07 +0000] "POST /upload HTTP/1.1" 200 22 "http://localhost:3000/ss/test" "Mozilla/5.0 (Windows NT 6.1; Win64; x64) AppleWebKit/537.36 (KHTML, like Gecko) Chrome/76.0.3809.100 Safari/537.36"
::1 - - [28/Aug/2019:02:49:04 +0000] "POST /upload HTTP/1.1" 200 10 "http://localhost:3000/ss/test" "Mozilla/5.0 (Windows NT 6.1; Win64; x64) AppleWebKit/537.36 (KHTML, like Gecko) Chrome/76.0.3809.100 Safari/537.36"
::1 - - [28/Aug/2019:02:49:32 +0000] "POST /upload HTTP/1.1" 200 10 "http://localhost:3000/ss/test" "Mozilla/5.0 (Windows NT 6.1; Win64; x64) AppleWebKit/537.36 (KHTML, like Gecko) Chrome/76.0.3809.100 Safari/537.36"
::1 - - [28/Aug/2019:02:50:14 +0000] "POST /upload HTTP/1.1" 500 1244 "http://localhost:3000/ss/test" "Mozilla/5.0 (Windows NT 6.1; Win64; x64) AppleWebKit/537.36 (KHTML, like Gecko) Chrome/76.0.3809.100 Safari/537.36"
::1 - - [28/Aug/2019:02:50:41 +0000] "POST /upload HTTP/1.1" 200 22 "http://localhost:3000/ss/test" "Mozilla/5.0 (Windows NT 6.1; Win64; x64) AppleWebKit/537.36 (KHTML, like Gecko) Chrome/76.0.3809.100 Safari/537.36"
::1 - - [28/Aug/2019:02:51:00 +0000] "POST /upload HTTP/1.1" 200 22 "http://localhost:3000/ss/test" "Mozilla/5.0 (Windows NT 6.1; Win64; x64) AppleWebKit/537.36 (KHTML, like Gecko) Chrome/76.0.3809.100 Safari/537.36"
::1 - - [28/Aug/2019:03:05:46 +0000] "POST /upload HTTP/1.1" 200 22 "http://localhost:3000/ss/test" "Mozilla/5.0 (Windows NT 6.1; Win64; x64) AppleWebKit/537.36 (KHTML, like Gecko) Chrome/76.0.3809.100 Safari/537.36"
::1 - - [28/Aug/2019:03:09:03 +0000] "POST /upload HTTP/1.1" 200 22 "http://localhost:3000/ss/test" "Mozilla/5.0 (Windows NT 6.1; Win64; x64) AppleWebKit/537.36 (KHTML, like Gecko) Chrome/76.0.3809.100 Safari/537.36"
::1 - - [28/Aug/2019:03:10:14 +0000] "POST /upload HTTP/1.1" 200 22 "http://localhost:3000/ss/test" "Mozilla/5.0 (Windows NT 6.1; Win64; x64) AppleWebKit/537.36 (KHTML, like Gecko) Chrome/76.0.3809.100 Safari/537.36"
::1 - - [28/Aug/2019:03:36:15 +0000] "POST /upload HTTP/1.1" 200 22 "http://localhost:3000/ss/test" "Mozilla/5.0 (Windows NT 6.1; Win64; x64) AppleWebKit/537.36 (KHTML, like Gecko) Chrome/76.0.3809.100 Safari/537.36"
::1 - - [28/Aug/2019:06:10:05 +0000] "GET /ss/test HTTP/1.1" 200 666 "-" "Mozilla/5.0 (Windows NT 6.1; Win64; x64) AppleWebKit/537.36 (KHTML, like Gecko) Chrome/76.0.3809.100 Safari/537.36"
::1 - - [28/Aug/2019:06:10:11 +0000] "POST /file/uploading HTTP/1.1" 200 - "http://localhost:3000/ss/test" "Mozilla/5.0 (Windows NT 6.1; Win64; x64) AppleWebKit/537.36 (KHTML, like Gecko) Chrome/76.0.3809.100 Safari/537.36"
::1 - - [28/Aug/2019:06:15:10 +0000] "POST /file/uploading HTTP/1.1" 200 - "http://localhost:3000/ss/test" "Mozilla/5.0 (Windows NT 6.1; Win64; x64) AppleWebKit/537.36 (KHTML, like Gecko) Chrome/76.0.3809.100 Safari/537.36"
::1 - - [28/Aug/2019:06:17:13 +0000] "GET /ss/test HTTP/1.1" 200 680 "-" "Mozilla/5.0 (Windows NT 6.1; Win64; x64) AppleWebKit/537.36 (KHTML, like Gecko) Chrome/76.0.3809.100 Safari/537.36"
::1 - - [28/Aug/2019:06:17:20 +0000] "GET /ss/test HTTP/1.1" 304 - "-" "Mozilla/5.0 (Windows NT 6.1; Win64; x64) AppleWebKit/537.36 (KHTML, like Gecko) Chrome/76.0.3809.100 Safari/537.36"
::1 - - [28/Aug/2019:06:17:20 +0000] "GET /ss/test HTTP/1.1" 304 - "-" "Mozilla/5.0 (Windows NT 6.1; Win64; x64) AppleWebKit/537.36 (KHTML, like Gecko) Chrome/76.0.3809.100 Safari/537.36"
::1 - - [28/Aug/2019:06:17:25 +0000] "POST /file/uploading HTTP/1.1" 200 - "http://localhost:3000/ss/test" "Mozilla/5.0 (Windows NT 6.1; Win64; x64) AppleWebKit/537.36 (KHTML, like Gecko) Chrome/76.0.3809.100 Safari/537.36"
::1 - - [28/Aug/2019:06:24:40 +0000] "POST /file/uploading HTTP/1.1" 200 - "http://localhost:3000/ss/test" "Mozilla/5.0 (Windows NT 6.1; Win64; x64) AppleWebKit/537.36 (KHTML, like Gecko) Chrome/76.0.3809.100 Safari/537.36"
::1 - - [28/Aug/2019:06:24:40 +0000] "GET /ss/test HTTP/1.1" 304 - "-" "Mozilla/5.0 (Windows NT 6.1; Win64; x64) AppleWebKit/537.36 (KHTML, like Gecko) Chrome/76.0.3809.100 Safari/537.36"
::1 - - [28/Aug/2019:06:24:41 +0000] "GET /ss/test HTTP/1.1" 304 - "-" "Mozilla/5.0 (Windows NT 6.1; Win64; x64) AppleWebKit/537.36 (KHTML, like Gecko) Chrome/76.0.3809.100 Safari/537.36"
::1 - - [28/Aug/2019:07:12:23 +0000] "GET /ss/test HTTP/1.1" 200 578 "-" "Mozilla/5.0 (Windows NT 6.1; Win64; x64) AppleWebKit/537.36 (KHTML, like Gecko) Chrome/76.0.3809.100 Safari/537.36"
::1 - - [28/Aug/2019:07:12:28 +0000] "POST /file/uploading HTTP/1.1" 404 1208 "http://localhost:3000/ss/test" "Mozilla/5.0 (Windows NT 6.1; Win64; x64) AppleWebKit/537.36 (KHTML, like Gecko) Chrome/76.0.3809.100 Safari/537.36"
::1 - - [28/Aug/2019:07:12:58 +0000] "GET /ss/test HTTP/1.1" 200 436 "-" "Mozilla/5.0 (Windows NT 6.1; Win64; x64) AppleWebKit/537.36 (KHTML, like Gecko) Chrome/76.0.3809.100 Safari/537.36"
::1 - - [28/Aug/2019:07:13:07 +0000] "POST /file/uploading HTTP/1.1" 404 1208 "http://localhost:3000/ss/test" "Mozilla/5.0 (Windows NT 6.1; Win64; x64) AppleWebKit/537.36 (KHTML, like Gecko) Chrome/76.0.3809.100 Safari/537.36"
::1 - - [28/Aug/2019:07:13:46 +0000] "POST /file/uploading HTTP/1.1" 404 1208 "http://localhost:3000/ss/test" "Mozilla/5.0 (Windows NT 6.1; Win64; x64) AppleWebKit/537.36 (KHTML, like Gecko) Chrome/76.0.3809.100 Safari/537.36"
::1 - - [28/Aug/2019:07:14:26 +0000] "POST /file/uploading HTTP/1.1" 404 1208 "http://localhost:3000/ss/test" "Mozilla/5.0 (Windows NT 6.1; Win64; x64) AppleWebKit/537.36 (KHTML, like Gecko) Chrome/76.0.3809.100 Safari/537.36"
::1 - - [28/Aug/2019:07:14:29 +0000] "GET /ss/test HTTP/1.1" 200 428 "-" "Mozilla/5.0 (Windows NT 6.1; Win64; x64) AppleWebKit/537.36 (KHTML, like Gecko) Chrome/76.0.3809.100 Safari/537.36"
::1 - - [28/Aug/2019:07:14:34 +0000] "POST /upload HTTP/1.1" 200 22 "http://localhost:3000/ss/test" "Mozilla/5.0 (Windows NT 6.1; Win64; x64) AppleWebKit/537.36 (KHTML, like Gecko) Chrome/76.0.3809.100 Safari/537.36"
::1 - - [28/Aug/2019:07:28:00 +0000] "POST /upload HTTP/1.1" 200 22 "http://localhost:3000/ss/test" "Mozilla/5.0 (Windows NT 6.1; Win64; x64) AppleWebKit/537.36 (KHTML, like Gecko) Chrome/76.0.3809.100 Safari/537.36"
::1 - - [28/Aug/2019:07:58:43 +0000] "GET /ss/test HTTP/1.1" 304 - "-" "Mozilla/5.0 (Windows NT 6.1; Win64; x64) AppleWebKit/537.36 (KHTML, like Gecko) Chrome/76.0.3809.100 Safari/537.36"
::1 - - [28/Aug/2019:07:58:47 +0000] "POST /upload HTTP/1.1" 200 22 "http://localhost:3000/ss/test" "Mozilla/5.0 (Windows NT 6.1; Win64; x64) AppleWebKit/537.36 (KHTML, like Gecko) Chrome/76.0.3809.100 Safari/537.36"
