::1 - - [03/Sep/2019:07:43:17 +0000] "GET /status HTTP/1.1" 200 13443 "-" "Mozilla/5.0 (Windows NT 6.1; Win64; x64) AppleWebKit/537.36 (KHTML, like Gecko) Chrome/76.0.3809.132 Safari/537.36"
::1 - - [03/Sep/2019:07:43:18 +0000] "GET /favicon.ico HTTP/1.1" 404 1208 "http://localhost:3000/status" "Mozilla/5.0 (Windows NT 6.1; Win64; x64) AppleWebKit/537.36 (KHTML, like Gecko) Chrome/76.0.3809.132 Safari/537.36"
::1 - - [03/Sep/2019:07:43:32 +0000] "GET /status HTTP/1.1" 304 - "-" "Mozilla/5.0 (Windows NT 6.1; Win64; x64) AppleWebKit/537.36 (KHTML, like Gecko) Chrome/76.0.3809.132 Safari/537.36"
::1 - - [03/Sep/2019:07:44:28 +0000] "POST /ss/d HTTP/1.1" 404 1208 "-" "Mozilla/5.0 (Windows NT 6.1; Win64; x64) AppleWebKit/537.36 (KHTML, like Gecko) Chrome/76.0.3809.132 Safari/537.36"
::1 - - [03/Sep/2019:07:44:33 +0000] "POST /ss/d HTTP/1.1" 404 1208 "-" "Mozilla/5.0 (Windows NT 6.1; Win64; x64) AppleWebKit/537.36 (KHTML, like Gecko) Chrome/76.0.3809.132 Safari/537.36"
::1 - - [03/Sep/2019:07:44:35 +0000] "POST /ss/d HTTP/1.1" 404 1208 "-" "Mozilla/5.0 (Windows NT 6.1; Win64; x64) AppleWebKit/537.36 (KHTML, like Gecko) Chrome/76.0.3809.132 Safari/537.36"
::1 - - [03/Sep/2019:07:44:36 +0000] "POST /ss/d HTTP/1.1" 404 1208 "-" "Mozilla/5.0 (Windows NT 6.1; Win64; x64) AppleWebKit/537.36 (KHTML, like Gecko) Chrome/76.0.3809.132 Safari/537.36"
::1 - - [03/Sep/2019:07:44:37 +0000] "POST /ss/d HTTP/1.1" 404 1208 "-" "Mozilla/5.0 (Windows NT 6.1; Win64; x64) AppleWebKit/537.36 (KHTML, like Gecko) Chrome/76.0.3809.132 Safari/537.36"
::1 - - [03/Sep/2019:07:44:37 +0000] "POST /ss/d HTTP/1.1" 404 1208 "-" "Mozilla/5.0 (Windows NT 6.1; Win64; x64) AppleWebKit/537.36 (KHTML, like Gecko) Chrome/76.0.3809.132 Safari/537.36"
::1 - - [03/Sep/2019:07:44:37 +0000] "POST /ss/d HTTP/1.1" 404 1208 "-" "Mozilla/5.0 (Windows NT 6.1; Win64; x64) AppleWebKit/537.36 (KHTML, like Gecko) Chrome/76.0.3809.132 Safari/537.36"
::1 - - [03/Sep/2019:07:44:38 +0000] "POST /ss/d HTTP/1.1" 404 1208 "-" "Mozilla/5.0 (Windows NT 6.1; Win64; x64) AppleWebKit/537.36 (KHTML, like Gecko) Chrome/76.0.3809.132 Safari/537.36"
::1 - - [03/Sep/2019:07:44:38 +0000] "POST /ss/d HTTP/1.1" 404 1208 "-" "Mozilla/5.0 (Windows NT 6.1; Win64; x64) AppleWebKit/537.36 (KHTML, like Gecko) Chrome/76.0.3809.132 Safari/537.36"
::1 - - [03/Sep/2019:07:44:38 +0000] "POST /ss/d HTTP/1.1" 404 1208 "-" "Mozilla/5.0 (Windows NT 6.1; Win64; x64) AppleWebKit/537.36 (KHTML, like Gecko) Chrome/76.0.3809.132 Safari/537.36"
::1 - - [03/Sep/2019:07:44:38 +0000] "POST /ss/d HTTP/1.1" 404 1208 "-" "Mozilla/5.0 (Windows NT 6.1; Win64; x64) AppleWebKit/537.36 (KHTML, like Gecko) Chrome/76.0.3809.132 Safari/537.36"
::1 - - [03/Sep/2019:07:44:38 +0000] "POST /ss/d HTTP/1.1" 404 1208 "-" "Mozilla/5.0 (Windows NT 6.1; Win64; x64) AppleWebKit/537.36 (KHTML, like Gecko) Chrome/76.0.3809.132 Safari/537.36"
::1 - - [03/Sep/2019:07:44:39 +0000] "POST /ss/d HTTP/1.1" 404 1208 "-" "Mozilla/5.0 (Windows NT 6.1; Win64; x64) AppleWebKit/537.36 (KHTML, like Gecko) Chrome/76.0.3809.132 Safari/537.36"
::1 - - [03/Sep/2019:07:44:39 +0000] "POST /ss/d HTTP/1.1" 404 1208 "-" "Mozilla/5.0 (Windows NT 6.1; Win64; x64) AppleWebKit/537.36 (KHTML, like Gecko) Chrome/76.0.3809.132 Safari/537.36"
::1 - - [03/Sep/2019:07:44:39 +0000] "POST /ss/d HTTP/1.1" 404 1208 "-" "Mozilla/5.0 (Windows NT 6.1; Win64; x64) AppleWebKit/537.36 (KHTML, like Gecko) Chrome/76.0.3809.132 Safari/537.36"
::1 - - [03/Sep/2019:07:44:39 +0000] "POST /ss/d HTTP/1.1" 404 1208 "-" "Mozilla/5.0 (Windows NT 6.1; Win64; x64) AppleWebKit/537.36 (KHTML, like Gecko) Chrome/76.0.3809.132 Safari/537.36"
::1 - - [03/Sep/2019:07:44:40 +0000] "POST /ss/d HTTP/1.1" 404 1208 "-" "Mozilla/5.0 (Windows NT 6.1; Win64; x64) AppleWebKit/537.36 (KHTML, like Gecko) Chrome/76.0.3809.132 Safari/537.36"
::1 - - [03/Sep/2019:07:44:40 +0000] "POST /ss/d HTTP/1.1" 404 1208 "-" "Mozilla/5.0 (Windows NT 6.1; Win64; x64) AppleWebKit/537.36 (KHTML, like Gecko) Chrome/76.0.3809.132 Safari/537.36"
::1 - - [03/Sep/2019:07:44:40 +0000] "POST /ss/d HTTP/1.1" 404 1208 "-" "Mozilla/5.0 (Windows NT 6.1; Win64; x64) AppleWebKit/537.36 (KHTML, like Gecko) Chrome/76.0.3809.132 Safari/537.36"
::1 - - [03/Sep/2019:07:44:40 +0000] "POST /ss/d HTTP/1.1" 404 1208 "-" "Mozilla/5.0 (Windows NT 6.1; Win64; x64) AppleWebKit/537.36 (KHTML, like Gecko) Chrome/76.0.3809.132 Safari/537.36"
::1 - - [03/Sep/2019:07:44:40 +0000] "POST /ss/d HTTP/1.1" 404 1208 "-" "Mozilla/5.0 (Windows NT 6.1; Win64; x64) AppleWebKit/537.36 (KHTML, like Gecko) Chrome/76.0.3809.132 Safari/537.36"
::1 - - [03/Sep/2019:07:44:40 +0000] "POST /ss/d HTTP/1.1" 404 1208 "-" "Mozilla/5.0 (Windows NT 6.1; Win64; x64) AppleWebKit/537.36 (KHTML, like Gecko) Chrome/76.0.3809.132 Safari/537.36"
::1 - - [03/Sep/2019:07:44:41 +0000] "POST /ss/d HTTP/1.1" 404 1208 "-" "Mozilla/5.0 (Windows NT 6.1; Win64; x64) AppleWebKit/537.36 (KHTML, like Gecko) Chrome/76.0.3809.132 Safari/537.36"
::1 - - [03/Sep/2019:07:44:41 +0000] "POST /ss/d HTTP/1.1" 404 1208 "-" "Mozilla/5.0 (Windows NT 6.1; Win64; x64) AppleWebKit/537.36 (KHTML, like Gecko) Chrome/76.0.3809.132 Safari/537.36"
::1 - - [03/Sep/2019:07:44:41 +0000] "POST /ss/d HTTP/1.1" 404 1208 "-" "Mozilla/5.0 (Windows NT 6.1; Win64; x64) AppleWebKit/537.36 (KHTML, like Gecko) Chrome/76.0.3809.132 Safari/537.36"
::1 - - [03/Sep/2019:07:44:42 +0000] "POST /ss/d HTTP/1.1" 404 1208 "-" "Mozilla/5.0 (Windows NT 6.1; Win64; x64) AppleWebKit/537.36 (KHTML, like Gecko) Chrome/76.0.3809.132 Safari/537.36"
::1 - - [03/Sep/2019:07:44:42 +0000] "POST /ss/d HTTP/1.1" 404 1208 "-" "Mozilla/5.0 (Windows NT 6.1; Win64; x64) AppleWebKit/537.36 (KHTML, like Gecko) Chrome/76.0.3809.132 Safari/537.36"
::1 - - [03/Sep/2019:07:44:42 +0000] "POST /ss/d HTTP/1.1" 404 1208 "-" "Mozilla/5.0 (Windows NT 6.1; Win64; x64) AppleWebKit/537.36 (KHTML, like Gecko) Chrome/76.0.3809.132 Safari/537.36"
::1 - - [03/Sep/2019:07:44:42 +0000] "POST /ss/d HTTP/1.1" 404 1208 "-" "Mozilla/5.0 (Windows NT 6.1; Win64; x64) AppleWebKit/537.36 (KHTML, like Gecko) Chrome/76.0.3809.132 Safari/537.36"
::1 - - [03/Sep/2019:07:44:42 +0000] "POST /ss/d HTTP/1.1" 404 1208 "-" "Mozilla/5.0 (Windows NT 6.1; Win64; x64) AppleWebKit/537.36 (KHTML, like Gecko) Chrome/76.0.3809.132 Safari/537.36"
::1 - - [03/Sep/2019:07:44:43 +0000] "POST /ss/d HTTP/1.1" 404 1208 "-" "Mozilla/5.0 (Windows NT 6.1; Win64; x64) AppleWebKit/537.36 (KHTML, like Gecko) Chrome/76.0.3809.132 Safari/537.36"
::1 - - [03/Sep/2019:07:44:43 +0000] "POST /ss/d HTTP/1.1" 404 1208 "-" "Mozilla/5.0 (Windows NT 6.1; Win64; x64) AppleWebKit/537.36 (KHTML, like Gecko) Chrome/76.0.3809.132 Safari/537.36"
::1 - - [03/Sep/2019:07:44:43 +0000] "POST /ss/d HTTP/1.1" 404 1208 "-" "Mozilla/5.0 (Windows NT 6.1; Win64; x64) AppleWebKit/537.36 (KHTML, like Gecko) Chrome/76.0.3809.132 Safari/537.36"
::1 - - [03/Sep/2019:07:44:43 +0000] "POST /ss/d HTTP/1.1" 404 1208 "-" "Mozilla/5.0 (Windows NT 6.1; Win64; x64) AppleWebKit/537.36 (KHTML, like Gecko) Chrome/76.0.3809.132 Safari/537.36"
::1 - - [03/Sep/2019:07:44:43 +0000] "POST /ss/d HTTP/1.1" 404 1208 "-" "Mozilla/5.0 (Windows NT 6.1; Win64; x64) AppleWebKit/537.36 (KHTML, like Gecko) Chrome/76.0.3809.132 Safari/537.36"
::1 - - [03/Sep/2019:07:44:44 +0000] "POST /ss/d HTTP/1.1" 404 1208 "-" "Mozilla/5.0 (Windows NT 6.1; Win64; x64) AppleWebKit/537.36 (KHTML, like Gecko) Chrome/76.0.3809.132 Safari/537.36"
::1 - - [03/Sep/2019:07:44:44 +0000] "POST /ss/d HTTP/1.1" 404 1208 "-" "Mozilla/5.0 (Windows NT 6.1; Win64; x64) AppleWebKit/537.36 (KHTML, like Gecko) Chrome/76.0.3809.132 Safari/537.36"
::1 - - [03/Sep/2019:07:44:44 +0000] "POST /ss/d HTTP/1.1" 404 1208 "-" "Mozilla/5.0 (Windows NT 6.1; Win64; x64) AppleWebKit/537.36 (KHTML, like Gecko) Chrome/76.0.3809.132 Safari/537.36"
::1 - - [03/Sep/2019:07:44:44 +0000] "POST /ss/d HTTP/1.1" 404 1208 "-" "Mozilla/5.0 (Windows NT 6.1; Win64; x64) AppleWebKit/537.36 (KHTML, like Gecko) Chrome/76.0.3809.132 Safari/537.36"
::1 - - [03/Sep/2019:07:44:44 +0000] "POST /ss/d HTTP/1.1" 404 1208 "-" "Mozilla/5.0 (Windows NT 6.1; Win64; x64) AppleWebKit/537.36 (KHTML, like Gecko) Chrome/76.0.3809.132 Safari/537.36"
::1 - - [03/Sep/2019:07:44:45 +0000] "POST /ss/d HTTP/1.1" 404 1208 "-" "Mozilla/5.0 (Windows NT 6.1; Win64; x64) AppleWebKit/537.36 (KHTML, like Gecko) Chrome/76.0.3809.132 Safari/537.36"
::1 - - [03/Sep/2019:07:44:45 +0000] "POST /ss/d HTTP/1.1" 404 1208 "-" "Mozilla/5.0 (Windows NT 6.1; Win64; x64) AppleWebKit/537.36 (KHTML, like Gecko) Chrome/76.0.3809.132 Safari/537.36"
::1 - - [03/Sep/2019:07:44:45 +0000] "POST /ss/d HTTP/1.1" 404 1208 "-" "Mozilla/5.0 (Windows NT 6.1; Win64; x64) AppleWebKit/537.36 (KHTML, like Gecko) Chrome/76.0.3809.132 Safari/537.36"
::1 - - [03/Sep/2019:07:45:23 +0000] "POST /ss/d5555555 HTTP/1.1" 404 1208 "-" "Mozilla/5.0 (Windows NT 6.1; Win64; x64) AppleWebKit/537.36 (KHTML, like Gecko) Chrome/76.0.3809.132 Safari/537.36"
