::1 - - [17/Aug/2019:01:05:02 +0000] "POST /login HTTP/1.1" 200 35 "-" "Mozilla/5.0 (Windows NT 6.1; Win64; x64) AppleWebKit/537.36 (KHTML, like Gecko) Chrome/76.0.3809.100 Safari/537.36"
::1 - - [17/Aug/2019:05:34:43 +0000] "POST /login HTTP/1.1" 200 35 "-" "Mozilla/5.0 (Windows NT 6.1; Win64; x64) AppleWebKit/537.36 (KHTML, like Gecko) Chrome/76.0.3809.100 Safari/537.36"
::1 - - [17/Aug/2019:05:34:44 +0000] "POST /login HTTP/1.1" 200 35 "-" "Mozilla/5.0 (Windows NT 6.1; Win64; x64) AppleWebKit/537.36 (KHTML, like Gecko) Chrome/76.0.3809.100 Safari/537.36"
::1 - - [17/Aug/2019:05:34:44 +0000] "POST /login HTTP/1.1" 200 35 "-" "Mozilla/5.0 (Windows NT 6.1; Win64; x64) AppleWebKit/537.36 (KHTML, like Gecko) Chrome/76.0.3809.100 Safari/537.36"
::1 - - [17/Aug/2019:05:34:45 +0000] "POST /login HTTP/1.1" 200 35 "-" "Mozilla/5.0 (Windows NT 6.1; Win64; x64) AppleWebKit/537.36 (KHTML, like Gecko) Chrome/76.0.3809.100 Safari/537.36"
::1 - - [17/Aug/2019:05:34:45 +0000] "POST /login HTTP/1.1" 200 35 "-" "Mozilla/5.0 (Windows NT 6.1; Win64; x64) AppleWebKit/537.36 (KHTML, like Gecko) Chrome/76.0.3809.100 Safari/537.36"
::1 - - [17/Aug/2019:05:34:45 +0000] "POST /login HTTP/1.1" 200 35 "-" "Mozilla/5.0 (Windows NT 6.1; Win64; x64) AppleWebKit/537.36 (KHTML, like Gecko) Chrome/76.0.3809.100 Safari/537.36"
::1 - - [17/Aug/2019:06:29:14 +0000] "GET / HTTP/1.1" 200 991 "-" "Mozilla/5.0 (Windows NT 6.1; Win64; x64) AppleWebKit/537.36 (KHTML, like Gecko) Chrome/76.0.3809.100 Safari/537.36"
::1 - - [17/Aug/2019:06:29:14 +0000] "GET /assets/css/app.ae53edcf.css HTTP/1.1" 200 373 "http://localhost:3000/" "Mozilla/5.0 (Windows NT 6.1; Win64; x64) AppleWebKit/537.36 (KHTML, like Gecko) Chrome/76.0.3809.100 Safari/537.36"
::1 - - [17/Aug/2019:06:29:14 +0000] "GET /assets/css/chunk-vendors.5e77dddf.css HTTP/1.1" 200 27799 "http://localhost:3000/" "Mozilla/5.0 (Windows NT 6.1; Win64; x64) AppleWebKit/537.36 (KHTML, like Gecko) Chrome/76.0.3809.100 Safari/537.36"
::1 - - [17/Aug/2019:06:29:14 +0000] "GET /assets/js/app.eae45d8a.js HTTP/1.1" 200 7993 "http://localhost:3000/" "Mozilla/5.0 (Windows NT 6.1; Win64; x64) AppleWebKit/537.36 (KHTML, like Gecko) Chrome/76.0.3809.100 Safari/537.36"
::1 - - [17/Aug/2019:06:29:14 +0000] "GET /assets/css/about.6413de2e.css HTTP/1.1" 200 525 "http://localhost:3000/" "Mozilla/5.0 (Windows NT 6.1; Win64; x64) AppleWebKit/537.36 (KHTML, like Gecko) Chrome/76.0.3809.100 Safari/537.36"
::1 - - [17/Aug/2019:06:29:14 +0000] "GET /assets/js/about.f420f63c.js HTTP/1.1" 200 4065 "http://localhost:3000/" "Mozilla/5.0 (Windows NT 6.1; Win64; x64) AppleWebKit/537.36 (KHTML, like Gecko) Chrome/76.0.3809.100 Safari/537.36"
::1 - - [17/Aug/2019:06:29:14 +0000] "GET /assets/js/chunk-vendors.2d1efa15.js HTTP/1.1" 200 148532 "http://localhost:3000/" "Mozilla/5.0 (Windows NT 6.1; Win64; x64) AppleWebKit/537.36 (KHTML, like Gecko) Chrome/76.0.3809.100 Safari/537.36"
::1 - - [17/Aug/2019:06:29:14 +0000] "GET /assets/img/logo.82b9c7a5.png HTTP/1.1" 200 6849 "http://localhost:3000/" "Mozilla/5.0 (Windows NT 6.1; Win64; x64) AppleWebKit/537.36 (KHTML, like Gecko) Chrome/76.0.3809.100 Safari/537.36"
::1 - - [17/Aug/2019:06:32:01 +0000] "GET / HTTP/1.1" 304 - "-" "Mozilla/5.0 (Windows NT 6.1; Win64; x64) AppleWebKit/537.36 (KHTML, like Gecko) Chrome/76.0.3809.100 Safari/537.36"
::1 - - [17/Aug/2019:06:32:01 +0000] "GET /assets/css/app.ae53edcf.css HTTP/1.1" 304 - "http://localhost:3000/" "Mozilla/5.0 (Windows NT 6.1; Win64; x64) AppleWebKit/537.36 (KHTML, like Gecko) Chrome/76.0.3809.100 Safari/537.36"
::1 - - [17/Aug/2019:06:32:01 +0000] "GET /assets/css/chunk-vendors.5e77dddf.css HTTP/1.1" 304 - "http://localhost:3000/" "Mozilla/5.0 (Windows NT 6.1; Win64; x64) AppleWebKit/537.36 (KHTML, like Gecko) Chrome/76.0.3809.100 Safari/537.36"
::1 - - [17/Aug/2019:06:32:01 +0000] "GET /assets/js/app.eae45d8a.js HTTP/1.1" 304 - "http://localhost:3000/" "Mozilla/5.0 (Windows NT 6.1; Win64; x64) AppleWebKit/537.36 (KHTML, like Gecko) Chrome/76.0.3809.100 Safari/537.36"
::1 - - [17/Aug/2019:06:32:01 +0000] "GET /assets/js/chunk-vendors.2d1efa15.js HTTP/1.1" 304 - "http://localhost:3000/" "Mozilla/5.0 (Windows NT 6.1; Win64; x64) AppleWebKit/537.36 (KHTML, like Gecko) Chrome/76.0.3809.100 Safari/537.36"
::1 - - [17/Aug/2019:06:32:01 +0000] "GET /assets/css/about.6413de2e.css HTTP/1.1" 304 - "http://localhost:3000/" "Mozilla/5.0 (Windows NT 6.1; Win64; x64) AppleWebKit/537.36 (KHTML, like Gecko) Chrome/76.0.3809.100 Safari/537.36"
::1 - - [17/Aug/2019:06:32:01 +0000] "GET /assets/js/about.f420f63c.js HTTP/1.1" 304 - "http://localhost:3000/" "Mozilla/5.0 (Windows NT 6.1; Win64; x64) AppleWebKit/537.36 (KHTML, like Gecko) Chrome/76.0.3809.100 Safari/537.36"
::1 - - [17/Aug/2019:06:32:01 +0000] "GET /assets/img/logo.82b9c7a5.png HTTP/1.1" 304 - "http://localhost:3000/" "Mozilla/5.0 (Windows NT 6.1; Win64; x64) AppleWebKit/537.36 (KHTML, like Gecko) Chrome/76.0.3809.100 Safari/537.36"
::1 - - [17/Aug/2019:06:32:30 +0000] "GET / HTTP/1.1" 304 - "-" "Mozilla/5.0 (Windows NT 6.1; Win64; x64) AppleWebKit/537.36 (KHTML, like Gecko) Chrome/76.0.3809.100 Safari/537.36"
::1 - - [17/Aug/2019:06:32:30 +0000] "GET /assets/css/app.ae53edcf.css HTTP/1.1" 304 - "http://localhost:3000/" "Mozilla/5.0 (Windows NT 6.1; Win64; x64) AppleWebKit/537.36 (KHTML, like Gecko) Chrome/76.0.3809.100 Safari/537.36"
::1 - - [17/Aug/2019:06:32:30 +0000] "GET /assets/css/chunk-vendors.5e77dddf.css HTTP/1.1" 304 - "http://localhost:3000/" "Mozilla/5.0 (Windows NT 6.1; Win64; x64) AppleWebKit/537.36 (KHTML, like Gecko) Chrome/76.0.3809.100 Safari/537.36"
::1 - - [17/Aug/2019:06:32:30 +0000] "GET /assets/js/app.eae45d8a.js HTTP/1.1" 304 - "http://localhost:3000/" "Mozilla/5.0 (Windows NT 6.1; Win64; x64) AppleWebKit/537.36 (KHTML, like Gecko) Chrome/76.0.3809.100 Safari/537.36"
::1 - - [17/Aug/2019:06:32:30 +0000] "GET /assets/js/chunk-vendors.2d1efa15.js HTTP/1.1" 304 - "http://localhost:3000/" "Mozilla/5.0 (Windows NT 6.1; Win64; x64) AppleWebKit/537.36 (KHTML, like Gecko) Chrome/76.0.3809.100 Safari/537.36"
::1 - - [17/Aug/2019:06:32:36 +0000] "GET /index.html HTTP/1.1" 200 991 "-" "Mozilla/5.0 (Windows NT 6.1; Win64; x64) AppleWebKit/537.36 (KHTML, like Gecko) Chrome/76.0.3809.100 Safari/537.36"
::1 - - [17/Aug/2019:06:32:36 +0000] "GET /assets/js/app.eae45d8a.js HTTP/1.1" 304 - "http://localhost:3000/index.html" "Mozilla/5.0 (Windows NT 6.1; Win64; x64) AppleWebKit/537.36 (KHTML, like Gecko) Chrome/76.0.3809.100 Safari/537.36"
::1 - - [17/Aug/2019:06:32:36 +0000] "GET /assets/js/chunk-vendors.2d1efa15.js HTTP/1.1" 304 - "http://localhost:3000/index.html" "Mozilla/5.0 (Windows NT 6.1; Win64; x64) AppleWebKit/537.36 (KHTML, like Gecko) Chrome/76.0.3809.100 Safari/537.36"
::1 - - [17/Aug/2019:06:32:36 +0000] "GET /assets/js/about.f420f63c.js HTTP/1.1" 304 - "http://localhost:3000/index.html" "Mozilla/5.0 (Windows NT 6.1; Win64; x64) AppleWebKit/537.36 (KHTML, like Gecko) Chrome/76.0.3809.100 Safari/537.36"
::1 - - [17/Aug/2019:06:32:36 +0000] "GET /assets/css/about.6413de2e.css HTTP/1.1" 304 - "http://localhost:3000/index.html" "Mozilla/5.0 (Windows NT 6.1; Win64; x64) AppleWebKit/537.36 (KHTML, like Gecko) Chrome/76.0.3809.100 Safari/537.36"
::1 - - [17/Aug/2019:06:32:36 +0000] "GET /assets/img/logo.82b9c7a5.png HTTP/1.1" 304 - "http://localhost:3000/index.html" "Mozilla/5.0 (Windows NT 6.1; Win64; x64) AppleWebKit/537.36 (KHTML, like Gecko) Chrome/76.0.3809.100 Safari/537.36"
::1 - - [17/Aug/2019:06:32:38 +0000] "GET /index.html HTTP/1.1" 304 - "-" "Mozilla/5.0 (Windows NT 6.1; Win64; x64) AppleWebKit/537.36 (KHTML, like Gecko) Chrome/76.0.3809.100 Safari/537.36"
::1 - - [17/Aug/2019:06:32:38 +0000] "GET /assets/css/app.ae53edcf.css HTTP/1.1" 304 - "http://localhost:3000/index.html" "Mozilla/5.0 (Windows NT 6.1; Win64; x64) AppleWebKit/537.36 (KHTML, like Gecko) Chrome/76.0.3809.100 Safari/537.36"
::1 - - [17/Aug/2019:06:32:38 +0000] "GET /assets/css/chunk-vendors.5e77dddf.css HTTP/1.1" 304 - "http://localhost:3000/index.html" "Mozilla/5.0 (Windows NT 6.1; Win64; x64) AppleWebKit/537.36 (KHTML, like Gecko) Chrome/76.0.3809.100 Safari/537.36"
::1 - - [17/Aug/2019:06:32:38 +0000] "GET /assets/js/app.eae45d8a.js HTTP/1.1" 304 - "http://localhost:3000/index.html" "Mozilla/5.0 (Windows NT 6.1; Win64; x64) AppleWebKit/537.36 (KHTML, like Gecko) Chrome/76.0.3809.100 Safari/537.36"
::1 - - [17/Aug/2019:06:32:38 +0000] "GET /assets/css/about.6413de2e.css HTTP/1.1" 304 - "http://localhost:3000/index.html" "Mozilla/5.0 (Windows NT 6.1; Win64; x64) AppleWebKit/537.36 (KHTML, like Gecko) Chrome/76.0.3809.100 Safari/537.36"
::1 - - [17/Aug/2019:06:32:38 +0000] "GET /assets/js/chunk-vendors.2d1efa15.js HTTP/1.1" 304 - "http://localhost:3000/index.html" "Mozilla/5.0 (Windows NT 6.1; Win64; x64) AppleWebKit/537.36 (KHTML, like Gecko) Chrome/76.0.3809.100 Safari/537.36"
::1 - - [17/Aug/2019:06:32:38 +0000] "GET /assets/js/about.f420f63c.js HTTP/1.1" 304 - "http://localhost:3000/index.html" "Mozilla/5.0 (Windows NT 6.1; Win64; x64) AppleWebKit/537.36 (KHTML, like Gecko) Chrome/76.0.3809.100 Safari/537.36"
::1 - - [17/Aug/2019:06:32:38 +0000] "GET /assets/img/logo.82b9c7a5.png HTTP/1.1" 304 - "http://localhost:3000/index.html" "Mozilla/5.0 (Windows NT 6.1; Win64; x64) AppleWebKit/537.36 (KHTML, like Gecko) Chrome/76.0.3809.100 Safari/537.36"
::1 - - [17/Aug/2019:06:32:38 +0000] "GET /index.html HTTP/1.1" 304 - "-" "Mozilla/5.0 (Windows NT 6.1; Win64; x64) AppleWebKit/537.36 (KHTML, like Gecko) Chrome/76.0.3809.100 Safari/537.36"
::1 - - [17/Aug/2019:06:32:38 +0000] "GET /assets/css/app.ae53edcf.css HTTP/1.1" 304 - "http://localhost:3000/index.html" "Mozilla/5.0 (Windows NT 6.1; Win64; x64) AppleWebKit/537.36 (KHTML, like Gecko) Chrome/76.0.3809.100 Safari/537.36"
::1 - - [17/Aug/2019:06:32:38 +0000] "GET /assets/css/chunk-vendors.5e77dddf.css HTTP/1.1" 304 - "http://localhost:3000/index.html" "Mozilla/5.0 (Windows NT 6.1; Win64; x64) AppleWebKit/537.36 (KHTML, like Gecko) Chrome/76.0.3809.100 Safari/537.36"
::1 - - [17/Aug/2019:06:32:38 +0000] "GET /assets/js/app.eae45d8a.js HTTP/1.1" 304 - "http://localhost:3000/index.html" "Mozilla/5.0 (Windows NT 6.1; Win64; x64) AppleWebKit/537.36 (KHTML, like Gecko) Chrome/76.0.3809.100 Safari/537.36"
::1 - - [17/Aug/2019:06:32:38 +0000] "GET /assets/js/chunk-vendors.2d1efa15.js HTTP/1.1" 304 - "http://localhost:3000/index.html" "Mozilla/5.0 (Windows NT 6.1; Win64; x64) AppleWebKit/537.36 (KHTML, like Gecko) Chrome/76.0.3809.100 Safari/537.36"
::1 - - [17/Aug/2019:06:32:38 +0000] "GET /assets/css/about.6413de2e.css HTTP/1.1" 304 - "http://localhost:3000/index.html" "Mozilla/5.0 (Windows NT 6.1; Win64; x64) AppleWebKit/537.36 (KHTML, like Gecko) Chrome/76.0.3809.100 Safari/537.36"
::1 - - [17/Aug/2019:06:32:38 +0000] "GET /assets/js/about.f420f63c.js HTTP/1.1" 304 - "http://localhost:3000/index.html" "Mozilla/5.0 (Windows NT 6.1; Win64; x64) AppleWebKit/537.36 (KHTML, like Gecko) Chrome/76.0.3809.100 Safari/537.36"
::1 - - [17/Aug/2019:06:32:38 +0000] "GET /assets/img/logo.82b9c7a5.png HTTP/1.1" 304 - "http://localhost:3000/index.html" "Mozilla/5.0 (Windows NT 6.1; Win64; x64) AppleWebKit/537.36 (KHTML, like Gecko) Chrome/76.0.3809.100 Safari/537.36"
::1 - - [17/Aug/2019:06:32:38 +0000] "GET /index.html HTTP/1.1" 304 - "-" "Mozilla/5.0 (Windows NT 6.1; Win64; x64) AppleWebKit/537.36 (KHTML, like Gecko) Chrome/76.0.3809.100 Safari/537.36"
::1 - - [17/Aug/2019:06:32:38 +0000] "GET /assets/css/app.ae53edcf.css HTTP/1.1" 304 - "http://localhost:3000/index.html" "Mozilla/5.0 (Windows NT 6.1; Win64; x64) AppleWebKit/537.36 (KHTML, like Gecko) Chrome/76.0.3809.100 Safari/537.36"
::1 - - [17/Aug/2019:06:32:38 +0000] "GET /assets/css/chunk-vendors.5e77dddf.css HTTP/1.1" 304 - "http://localhost:3000/index.html" "Mozilla/5.0 (Windows NT 6.1; Win64; x64) AppleWebKit/537.36 (KHTML, like Gecko) Chrome/76.0.3809.100 Safari/537.36"
::1 - - [17/Aug/2019:06:32:38 +0000] "GET /assets/js/app.eae45d8a.js HTTP/1.1" 304 - "http://localhost:3000/index.html" "Mozilla/5.0 (Windows NT 6.1; Win64; x64) AppleWebKit/537.36 (KHTML, like Gecko) Chrome/76.0.3809.100 Safari/537.36"
::1 - - [17/Aug/2019:06:32:38 +0000] "GET /assets/js/chunk-vendors.2d1efa15.js HTTP/1.1" 304 - "http://localhost:3000/index.html" "Mozilla/5.0 (Windows NT 6.1; Win64; x64) AppleWebKit/537.36 (KHTML, like Gecko) Chrome/76.0.3809.100 Safari/537.36"
::1 - - [17/Aug/2019:06:32:38 +0000] "GET /assets/css/about.6413de2e.css HTTP/1.1" 304 - "http://localhost:3000/index.html" "Mozilla/5.0 (Windows NT 6.1; Win64; x64) AppleWebKit/537.36 (KHTML, like Gecko) Chrome/76.0.3809.100 Safari/537.36"
::1 - - [17/Aug/2019:06:32:38 +0000] "GET /assets/js/about.f420f63c.js HTTP/1.1" 304 - "http://localhost:3000/index.html" "Mozilla/5.0 (Windows NT 6.1; Win64; x64) AppleWebKit/537.36 (KHTML, like Gecko) Chrome/76.0.3809.100 Safari/537.36"
::1 - - [17/Aug/2019:06:32:38 +0000] "GET /assets/img/logo.82b9c7a5.png HTTP/1.1" 304 - "http://localhost:3000/index.html" "Mozilla/5.0 (Windows NT 6.1; Win64; x64) AppleWebKit/537.36 (KHTML, like Gecko) Chrome/76.0.3809.100 Safari/537.36"
::1 - - [17/Aug/2019:06:32:39 +0000] "GET /index.html HTTP/1.1" 304 - "-" "Mozilla/5.0 (Windows NT 6.1; Win64; x64) AppleWebKit/537.36 (KHTML, like Gecko) Chrome/76.0.3809.100 Safari/537.36"
::1 - - [17/Aug/2019:06:32:39 +0000] "GET /assets/css/app.ae53edcf.css HTTP/1.1" 304 - "http://localhost:3000/index.html" "Mozilla/5.0 (Windows NT 6.1; Win64; x64) AppleWebKit/537.36 (KHTML, like Gecko) Chrome/76.0.3809.100 Safari/537.36"
::1 - - [17/Aug/2019:06:32:39 +0000] "GET /assets/css/chunk-vendors.5e77dddf.css HTTP/1.1" 304 - "http://localhost:3000/index.html" "Mozilla/5.0 (Windows NT 6.1; Win64; x64) AppleWebKit/537.36 (KHTML, like Gecko) Chrome/76.0.3809.100 Safari/537.36"
::1 - - [17/Aug/2019:06:32:39 +0000] "GET /assets/js/app.eae45d8a.js HTTP/1.1" 304 - "http://localhost:3000/index.html" "Mozilla/5.0 (Windows NT 6.1; Win64; x64) AppleWebKit/537.36 (KHTML, like Gecko) Chrome/76.0.3809.100 Safari/537.36"
::1 - - [17/Aug/2019:06:32:39 +0000] "GET /assets/js/chunk-vendors.2d1efa15.js HTTP/1.1" 304 - "http://localhost:3000/index.html" "Mozilla/5.0 (Windows NT 6.1; Win64; x64) AppleWebKit/537.36 (KHTML, like Gecko) Chrome/76.0.3809.100 Safari/537.36"
::1 - - [17/Aug/2019:06:32:39 +0000] "GET /assets/css/about.6413de2e.css HTTP/1.1" 304 - "http://localhost:3000/index.html" "Mozilla/5.0 (Windows NT 6.1; Win64; x64) AppleWebKit/537.36 (KHTML, like Gecko) Chrome/76.0.3809.100 Safari/537.36"
::1 - - [17/Aug/2019:06:32:39 +0000] "GET /assets/js/about.f420f63c.js HTTP/1.1" 304 - "http://localhost:3000/index.html" "Mozilla/5.0 (Windows NT 6.1; Win64; x64) AppleWebKit/537.36 (KHTML, like Gecko) Chrome/76.0.3809.100 Safari/537.36"
::1 - - [17/Aug/2019:06:32:39 +0000] "GET /assets/img/logo.82b9c7a5.png HTTP/1.1" 304 - "http://localhost:3000/index.html" "Mozilla/5.0 (Windows NT 6.1; Win64; x64) AppleWebKit/537.36 (KHTML, like Gecko) Chrome/76.0.3809.100 Safari/537.36"
::1 - - [17/Aug/2019:06:48:12 +0000] "GET /test/ HTTP/1.1" 404 1138 "-" "Mozilla/5.0 (Windows NT 6.1; Win64; x64) AppleWebKit/537.36 (KHTML, like Gecko) Chrome/76.0.3809.100 Safari/537.36"
::1 - - [17/Aug/2019:06:48:15 +0000] "GET /test/ HTTP/1.1" 404 1138 "-" "Mozilla/5.0 (Windows NT 6.1; Win64; x64) AppleWebKit/537.36 (KHTML, like Gecko) Chrome/76.0.3809.100 Safari/537.36"
::1 - - [17/Aug/2019:06:48:22 +0000] "GET /test/test.html HTTP/1.1" 404 1138 "-" "Mozilla/5.0 (Windows NT 6.1; Win64; x64) AppleWebKit/537.36 (KHTML, like Gecko) Chrome/76.0.3809.100 Safari/537.36"
::1 - - [17/Aug/2019:06:48:24 +0000] "GET /test/test.html HTTP/1.1" 404 1138 "-" "Mozilla/5.0 (Windows NT 6.1; Win64; x64) AppleWebKit/537.36 (KHTML, like Gecko) Chrome/76.0.3809.100 Safari/537.36"
::1 - - [17/Aug/2019:06:49:25 +0000] "GET /test/test.html HTTP/1.1" 404 1138 "-" "Mozilla/5.0 (Windows NT 6.1; Win64; x64) AppleWebKit/537.36 (KHTML, like Gecko) Chrome/76.0.3809.100 Safari/537.36"
::1 - - [17/Aug/2019:06:49:29 +0000] "GET /test/ HTTP/1.1" 500 1194 "-" "Mozilla/5.0 (Windows NT 6.1; Win64; x64) AppleWebKit/537.36 (KHTML, like Gecko) Chrome/76.0.3809.100 Safari/537.36"
::1 - - [17/Aug/2019:06:49:31 +0000] "GET / HTTP/1.1" 404 1138 "-" "Mozilla/5.0 (Windows NT 6.1; Win64; x64) AppleWebKit/537.36 (KHTML, like Gecko) Chrome/76.0.3809.100 Safari/537.36"
::1 - - [17/Aug/2019:06:49:32 +0000] "GET / HTTP/1.1" 404 1138 "-" "Mozilla/5.0 (Windows NT 6.1; Win64; x64) AppleWebKit/537.36 (KHTML, like Gecko) Chrome/76.0.3809.100 Safari/537.36"
::1 - - [17/Aug/2019:06:49:32 +0000] "GET / HTTP/1.1" 404 1138 "-" "Mozilla/5.0 (Windows NT 6.1; Win64; x64) AppleWebKit/537.36 (KHTML, like Gecko) Chrome/76.0.3809.100 Safari/537.36"
::1 - - [17/Aug/2019:06:49:39 +0000] "GET /test/ HTTP/1.1" 500 1194 "-" "Mozilla/5.0 (Windows NT 6.1; Win64; x64) AppleWebKit/537.36 (KHTML, like Gecko) Chrome/76.0.3809.100 Safari/537.36"
::1 - - [17/Aug/2019:06:49:39 +0000] "GET /test/ HTTP/1.1" 500 1194 "-" "Mozilla/5.0 (Windows NT 6.1; Win64; x64) AppleWebKit/537.36 (KHTML, like Gecko) Chrome/76.0.3809.100 Safari/537.36"
::1 - - [17/Aug/2019:06:57:04 +0000] "GET /test/ HTTP/1.1" 200 125 "-" "Mozilla/5.0 (Windows NT 6.1; Win64; x64) AppleWebKit/537.36 (KHTML, like Gecko) Chrome/76.0.3809.100 Safari/537.36"
::1 - - [17/Aug/2019:06:58:09 +0000] "GET /test/ HTTP/1.1" 200 133 "-" "Mozilla/5.0 (Windows NT 6.1; Win64; x64) AppleWebKit/537.36 (KHTML, like Gecko) Chrome/76.0.3809.100 Safari/537.36"
